


materialPath: C:\Games\steamapps\common\dayofinfamy\doi\materials
Loading D:\SourceEngine\dayofinfamy\mapsrc\v2_forest\mapsrc\doi_v2_forest.vmf
Map revision 680
"ultranewb_textures/flash_ground_blend_alt" - "materials/ground/grass001.vtf": cached version doesn't exist
ConVarRef gpu_level doesn't point to an existing ConVar
Material not found!: CONCRETE/CONCRETEWALL072A
Patching WVT material: maps/doi_v2_forest/maps/doi_v2_forest/blend_af_peak_soil_forest_wvt_patch
Patching WVT material: maps/doi_v2_forest/maps/road/doi_seawall_03_blend_b_wvt_patch
Patching WVT material: maps/doi_v2_forest/maps/terrain/blend_gravel_grass_germany_02_wvt_patch
Patching WVT material: maps/doi_v2_forest/ultranewb_textures/flash_ground_blend_alt_wvt_patch
Patching WVT material: maps/doi_v2_forest/maps/doi_v2_forest/blend_af_peak_soil_forest_rock_wvt_patch
Patching WVT material: maps/doi_v2_forest/ground/hr_g/hr_rubble_dirt_001b_blend_wvt_patch
Patching WVT material: maps/doi_v2_forest/foy/roof/blend_shingles004_snow_wvt_patch
fixing up env_cubemap materials on brush sides...
0...1...2...3...4...5...6...7...8...9...100...1...2...3...4...5...6...7...8...9...10Processing areas...done (0)
Building Faces...done (0)
Chop Details...done (0)
Find Visible Detail Sides...
Merged 1392 detail faces...done (0)
Merging details...done (0)
FixTjuncs...
PruneNodes...
WriteBSP...
done (0)
writing D:\SourceEngine\dayofinfamy\mapsrc\v2_forest\mapsrc\doi_v2_forest.prt...Building visibility clusters...
done (0)
Finding displacement neighbors...
Finding lightmap sample positions...
Displacement Alpha : 0...1...2...3...4...5...6...7...8...9...10
Building Physics collision data...
done (1) (277524 bytes)
Error loading studio model ""!
Placing detail props : 0...1...2...3...4...5...6...7...8...9...10
Compacting texture/material tables...
Reduced 2963 texinfos to 1118
Reduced 198 texdatas to 165 (8724 bytes to 7175)
Writing D:\SourceEngine\dayofinfamy\mapsrc\v2_forest\mapsrc\doi_v2_forest.bsp
4 seconds elapsed



12 threads
reading d:\sourceengine\dayofinfamy\mapsrc\v2_forest\mapsrc\doi_v2_forest.bsp
reading d:\sourceengine\dayofinfamy\mapsrc\v2_forest\mapsrc\doi_v2_forest.prt
 334 portalclusters
 861 numportals
0...1...2...3...4...5...6...7...8...9...100...1...2...3...4...5...6...7...8...9...10Optimized: 122 visible clusters (0.00%)
Total clusters visible: 86416
Average clusters visible: 258
Building PAS...
Average clusters audible: 331
visdatasize:30132  compressed from 32064
writing d:\sourceengine\dayofinfamy\mapsrc\v2_forest\mapsrc\doi_v2_forest.bsp
0 seconds elapsed



[Reading texlights from 'lights.rad']
[6 texlights parsed from 'lights.rad']

Loading d:\sourceengine\dayofinfamy\mapsrc\v2_forest\mapsrc\doi_v2_forest.bsp
2855 faces
1 degenerate faces
4024850 square feet [579578432.00 square inches]
158 Displacements
411445 Square Feet [59248168.00 Square Inches]
2854 patches before subdivision
40462 patches after subdivision
10 direct lights
0...1...2...3...4...5...6...7...8...9...100...1...2...3...4...5...6...7...8...9...10transfers 1614655, max 467
transfer lists:  12.3 megs
0...1...2...3...4...5...6...7...8...9...10	Bounce #1 added RGB(21860, 12913, 4139)
0...1...2...3...4...5...6...7...8...9...10	Bounce #2 added RGB(1108, 574, 157)
0...1...2...3...4...5...6...7...8...9...10	Bounce #3 added RGB(90, 41, 9)
0...1...2...3...4...5...6...7...8...9...10	Bounce #4 added RGB(12, 5, 1)
0...1...2...3...4...5...6...7...8...9...10	Bounce #5 added RGB(1, 1, 0)
0...1...2...3...4...5...6...7...8...9...10	Bounce #6 added RGB(0, 0, 0)
Build Patch/Sample Hash Table(s).....Done<0.0154 sec>
0...1...2...3...4...5...6...7...8...9...10FinalLightFace Done
0 of 0 (0% of) surface lights went in leaf ambient cubes.
0...1...2...3...4...5...6...7...8...9...10Writing leaf ambient...done
Computing static prop lighting : 00...1...2...3...4...5...6...7...8...9...10
Ready to Finish

Object names       Objects/Maxobjs  Memory / Maxmem  Fullness 
------------       ---------------  ---------------  -------- 
models                  99/1024         4752/49152    ( 9.7%) 
brushes                784/8192         9408/98304    ( 9.6%) 
brushsides            9788/65536       78304/524288   (14.9%) 
planes               15748/65536      314960/1310720  (24.0%) 
vertexes              6887/65536       82644/786432   (10.5%) 
nodes                 1309/65536       41888/2097152  ( 2.0%) 
texinfos              1118/12288       80496/884736   ( 9.1%) 
texdata                165/2048         5280/65536    ( 8.1%) 
dispinfos              158/0           27808/0        ( 0.0%) 
disp_verts            9102/0          182040/0        ( 0.0%) 
disp_tris            13888/0           27776/0        ( 0.0%) 
disp_multiblend          0/0               0/0        ( 0.0%) 
disp_lmsamples     1338512/0         1338512/0        ( 0.0%) 
faces                 2855/65536      159880/3670016  ( 4.4%) 
hdr faces             2855/65536      159880/3670016  ( 4.4%) 
origfaces             2243/65536      125608/3670016  ( 3.4%) 
facebrushes             32/0              64/0        ( 0.0%) 
facebrushlists        2855/0           11420/0        ( 0.0%) 
leaves                1409/65536       45088/2097152  ( 2.1%) 
leaffaces             3225/65536        6450/131072   ( 4.9%) 
leafbrushes           2003/65536        4006/131072   ( 3.1%) 
areas                    3/1024           24/8192     ( 0.3%) 
surfedges            22818/512000      91272/2048000  ( 4.5%) 
edges                14211/256000      56844/1024000  ( 5.6%) 
LDR worldlights          0/8192            0/819200   ( 0.0%) 
HDR worldlights         10/8192         1000/819200   ( 0.1%) 
leafwaterdata            3/32768          36/393216   ( 0.0%) 
waterstrips            427/32768        4270/327680   ( 1.3%) 
waterverts               0/65536           0/786432   ( 0.0%) 
waterindices          7797/65536       15594/131072   (11.9%) 
cubemapsamples          27/1024          432/16384    ( 2.6%) 
overlays               314/1024       110528/360448   (30.7%) 
LDR lightdata         [variable]           0/0        ( 0.0%) 
HDR lightdata         [variable]     7307996/0        ( 0.0%) 
visdata               [variable]       30132/16777216 ( 0.2%) 
entdata               [variable]      266961/393216   (67.9%) 
LDR ambient table     1409/65536        5636/262144   ( 2.1%) 
HDR ambient table     1409/65536        5636/262144   ( 2.1%) 
LDR leaf ambient      1409/65536       39452/1835008  ( 2.1%) 
HDR leaf ambient      6997/65536      195916/1835008  (10.7%) 
occluders                0/0               0/0        ( 0.0%) 
occluder polygons        0/0               0/0        ( 0.0%) 
occluder vert ind        0/0               0/0        ( 0.0%) 
detail props          [variable]           1/12       ( 8.3%) 
static props          [variable]           1/55636    ( 0.0%) 
pakfile               [variable]     4330687/0        ( 0.0%) 
physics               [variable]      277524/4194304  ( 6.6%) 
physics terrain       [variable]       39582/1048576  ( 3.8%) 

Level flags = 6

Total triangle count: 8154
Writing d:\sourceengine\dayofinfamy\mapsrc\v2_forest\mapsrc\doi_v2_forest.bsp
7 minutes, 4 seconds elapsed



materialPath: C:\Games\steamapps\common\dayofinfamy\doi\materials
Loading D:\SourceEngine\dayofinfamy\mapsrc\v2_forest\mapsrc\doi_v2_forest.vmf
Map revision 680
"ultranewb_textures/flash_ground_blend_alt" - "materials/ground/grass001.vtf": cached version doesn't exist
ConVarRef gpu_level doesn't point to an existing ConVar
Material not found!: CONCRETE/CONCRETEWALL072A
Patching WVT material: maps/doi_v2_forest/maps/doi_v2_forest/blend_af_peak_soil_forest_wvt_patch
Patching WVT material: maps/doi_v2_forest/maps/road/doi_seawall_03_blend_b_wvt_patch
Patching WVT material: maps/doi_v2_forest/maps/terrain/blend_gravel_grass_germany_02_wvt_patch
Patching WVT material: maps/doi_v2_forest/ultranewb_textures/flash_ground_blend_alt_wvt_patch
Patching WVT material: maps/doi_v2_forest/maps/doi_v2_forest/blend_af_peak_soil_forest_rock_wvt_patch
Patching WVT material: maps/doi_v2_forest/ground/hr_g/hr_rubble_dirt_001b_blend_wvt_patch
Patching WVT material: maps/doi_v2_forest/foy/roof/blend_shingles004_snow_wvt_patch
fixing up env_cubemap materials on brush sides...
0...1...2...3...4...5...6...7...8...9...100...1...2...3...4...5...6...7...8...9...10Processing areas...done (0)
Building Faces...done (0)
Chop Details...done (0)
Find Visible Detail Sides...
Merged 1392 detail faces...done (0)
Merging details...done (0)
FixTjuncs...
PruneNodes...
WriteBSP...
done (0)
writing D:\SourceEngine\dayofinfamy\mapsrc\v2_forest\mapsrc\doi_v2_forest.prt...Building visibility clusters...
done (0)
Finding displacement neighbors...
Finding lightmap sample positions...
Displacement Alpha : 0...1...2...3...4...5...6...7...8...9...10
Building Physics collision data...
done (1) (277524 bytes)
Error loading studio model ""!
Placing detail props : 0...1...2...3...4...5...6...7...8...9...10
Compacting texture/material tables...
Reduced 2963 texinfos to 1118
Reduced 198 texdatas to 165 (8724 bytes to 7175)
Writing D:\SourceEngine\dayofinfamy\mapsrc\v2_forest\mapsrc\doi_v2_forest.bsp
3 seconds elapsed



12 threads
reading d:\sourceengine\dayofinfamy\mapsrc\v2_forest\mapsrc\doi_v2_forest.bsp
reading d:\sourceengine\dayofinfamy\mapsrc\v2_forest\mapsrc\doi_v2_forest.prt
 334 portalclusters
 861 numportals
0...1...2...3...4...5...6...7...8...9...10Optimized: 101 visible clusters (0.00%)
Total clusters visible: 90911
Average clusters visible: 272
Building PAS...
Average clusters audible: 332
visdatasize:30151  compressed from 32064
writing d:\sourceengine\dayofinfamy\mapsrc\v2_forest\mapsrc\doi_v2_forest.bsp
0 seconds elapsed



materialPath: C:\Games\steamapps\common\dayofinfamy\doi\materials
Loading D:\SourceEngine\dayofinfamy\mapsrc\v2_forest\mapsrc\doi_v2_forest.vmf
Map revision 683
"ultranewb_textures/flash_ground_blend_alt" - "materials/ground/grass001.vtf": cached version doesn't exist
ConVarRef gpu_level doesn't point to an existing ConVar
Material not found!: CONCRETE/CONCRETEWALL072A
Patching WVT material: maps/doi_v2_forest/maps/doi_v2_forest/blend_af_peak_soil_forest_wvt_patch
Patching WVT material: maps/doi_v2_forest/maps/road/doi_seawall_03_blend_b_wvt_patch
Patching WVT material: maps/doi_v2_forest/maps/terrain/blend_gravel_grass_germany_02_wvt_patch
Patching WVT material: maps/doi_v2_forest/ultranewb_textures/flash_ground_blend_alt_wvt_patch
Patching WVT material: maps/doi_v2_forest/maps/doi_v2_forest/blend_af_peak_soil_forest_rock_wvt_patch
Patching WVT material: maps/doi_v2_forest/ground/hr_g/hr_rubble_dirt_001b_blend_wvt_patch
Patching WVT material: maps/doi_v2_forest/foy/roof/blend_shingles004_snow_wvt_patch
fixing up env_cubemap materials on brush sides...
0...1...2...3...4...5...6...7...8...9...100...1...2...3...4...5...6...7...8...9...10Processing areas...done (0)
Building Faces...done (0)
Chop Details...done (0)
Find Visible Detail Sides...
Merged 1392 detail faces...done (0)
Merging details...done (0)
FixTjuncs...
PruneNodes...
WriteBSP...
done (0)
writing D:\SourceEngine\dayofinfamy\mapsrc\v2_forest\mapsrc\doi_v2_forest.prt...Building visibility clusters...
done (0)
Finding displacement neighbors...
Finding lightmap sample positions...
Displacement Alpha : 0...1...2...3...4...5...6...7...8...9...10
Building Physics collision data...
done (1) (277524 bytes)
Error loading studio model ""!
Placing detail props : 0...1...2...3...4...5...6...7...8...9...10
Compacting texture/material tables...
Reduced 2963 texinfos to 1118
Reduced 198 texdatas to 165 (8724 bytes to 7175)
Writing D:\SourceEngine\dayofinfamy\mapsrc\v2_forest\mapsrc\doi_v2_forest.bsp
4 seconds elapsed



12 threads
reading d:\sourceengine\dayofinfamy\mapsrc\v2_forest\mapsrc\doi_v2_forest.bsp
reading d:\sourceengine\dayofinfamy\mapsrc\v2_forest\mapsrc\doi_v2_forest.prt
 334 portalclusters
 861 numportals
0...1...2...3...4...5...6...7...8...9...100...1...2...3...4...5...6...7...8...9...10Optimized: 122 visible clusters (0.00%)
Total clusters visible: 86416
Average clusters visible: 258
Building PAS...
Average clusters audible: 331
visdatasize:30132  compressed from 32064
writing d:\sourceengine\dayofinfamy\mapsrc\v2_forest\mapsrc\doi_v2_forest.bsp
0 seconds elapsed



[Reading texlights from 'lights.rad']
[6 texlights parsed from 'lights.rad']

Loading d:\sourceengine\dayofinfamy\mapsrc\v2_forest\mapsrc\doi_v2_forest.bsp
2855 faces
1 degenerate faces
4024850 square feet [579578432.00 square inches]
158 Displacements
411445 Square Feet [59248168.00 Square Inches]
2854 patches before subdivision
40462 patches after subdivision
10 direct lights
0...1...2...3...4...5...6...7...8...9...100...1...2...3...4...5...6...7...8...9...10transfers 1584168, max 456
transfer lists:  12.1 megs
0...1...2...3...4...5...6...7...8...9...10	Bounce #1 added RGB(21628, 12771, 4093)
0...1...2...3...4...5...6...7...8...9...10	Bounce #2 added RGB(1098, 568, 155)
0...1...2...3...4...5...6...7...8...9...10	Bounce #3 added RGB(89, 41, 9)
0...1...2...3...4...5...6...7...8...9...10	Bounce #4 added RGB(12, 5, 1)
0...1...2...3...4...5...6...7...8...9...10	Bounce #5 added RGB(1, 1, 0)
0...1...2...3...4...5...6...7...8...9...10	Bounce #6 added RGB(0, 0, 0)
Build Patch/Sample Hash Table(s).....Done<0.0127 sec>
0...1...2...3...4...5...6...7...8...9...10FinalLightFace Done
0 of 0 (0% of) surface lights went in leaf ambient cubes.
0...1...2...3...4...5...6...7...8...9...10Writing leaf ambient...done
Computing static prop lighting : 00...1...2...3...4...5...6...7...8...9...10
Ready to Finish

Object names       Objects/Maxobjs  Memory / Maxmem  Fullness 
------------       ---------------  ---------------  -------- 
models                  99/1024         4752/49152    ( 9.7%) 
brushes                784/8192         9408/98304    ( 9.6%) 
brushsides            9788/65536       78304/524288   (14.9%) 
planes               15748/65536      314960/1310720  (24.0%) 
vertexes              6887/65536       82644/786432   (10.5%) 
nodes                 1309/65536       41888/2097152  ( 2.0%) 
texinfos              1118/12288       80496/884736   ( 9.1%) 
texdata                165/2048         5280/65536    ( 8.1%) 
dispinfos              158/0           27808/0        ( 0.0%) 
disp_verts            9102/0          182040/0        ( 0.0%) 
disp_tris            13888/0           27776/0        ( 0.0%) 
disp_multiblend          0/0               0/0        ( 0.0%) 
disp_lmsamples     1338512/0         1338512/0        ( 0.0%) 
faces                 2855/65536      159880/3670016  ( 4.4%) 
hdr faces             2855/65536      159880/3670016  ( 4.4%) 
origfaces             2243/65536      125608/3670016  ( 3.4%) 
facebrushes             32/0              64/0        ( 0.0%) 
facebrushlists        2855/0           11420/0        ( 0.0%) 
leaves                1409/65536       45088/2097152  ( 2.1%) 
leaffaces             3225/65536        6450/131072   ( 4.9%) 
leafbrushes           2003/65536        4006/131072   ( 3.1%) 
areas                    3/1024           24/8192     ( 0.3%) 
surfedges            22818/512000      91272/2048000  ( 4.5%) 
edges                14211/256000      56844/1024000  ( 5.6%) 
LDR worldlights          0/8192            0/819200   ( 0.0%) 
HDR worldlights         10/8192         1000/819200   ( 0.1%) 
leafwaterdata            3/32768          36/393216   ( 0.0%) 
waterstrips            427/32768        4270/327680   ( 1.3%) 
waterverts               0/65536           0/786432   ( 0.0%) 
waterindices          7797/65536       15594/131072   (11.9%) 
cubemapsamples          27/1024          432/16384    ( 2.6%) 
overlays               314/1024       110528/360448   (30.7%) 
LDR lightdata         [variable]           0/0        ( 0.0%) 
HDR lightdata         [variable]     7307996/0        ( 0.0%) 
visdata               [variable]       30132/16777216 ( 0.2%) 
entdata               [variable]      279453/393216   (71.1%) 
LDR ambient table     1409/65536        5636/262144   ( 2.1%) 
HDR ambient table     1409/65536        5636/262144   ( 2.1%) 
LDR leaf ambient      1409/65536       39452/1835008  ( 2.1%) 
HDR leaf ambient      6996/65536      195888/1835008  (10.7%) 
occluders                0/0               0/0        ( 0.0%) 
occluder polygons        0/0               0/0        ( 0.0%) 
occluder vert ind        0/0               0/0        ( 0.0%) 
detail props          [variable]           1/12       ( 8.3%) 
static props          [variable]           1/80334    ( 0.0%) 
pakfile               [variable]     6787695/0        ( 0.0%) 
physics               [variable]      277524/4194304  ( 6.6%) 
physics terrain       [variable]       39582/1048576  ( 3.8%) 

Level flags = 6

Total triangle count: 8154
Writing d:\sourceengine\dayofinfamy\mapsrc\v2_forest\mapsrc\doi_v2_forest.bsp
9 minutes, 4 seconds elapsed
