PRT1
334
861
4 1 19 (5120 1024 896 ) (5120 1024 2560 ) (5120 1536 2560 ) (5120 1536 896 ) 
4 1 5 (6144 1024 896 ) (6144 1024 2560 ) (5120 1024 2560 ) (5120 1024 896 ) 
4 1 2 (6144 1536 896 ) (6144 1024 896 ) (5120 1024 896 ) (5120 1536 896 ) 
4 2 20 (5120 1024 640 ) (5120 1024 896 ) (5120 1536 896 ) (5120 1536 640 ) 
4 2 6 (6144 1024 640 ) (6144 1024 896 ) (5120 1024 896 ) (5120 1024 640 ) 
4 2 3 (6144 1024 640 ) (5120 1024 640 ) (5120 1536 640 ) (6144 1536 640 ) 
4 3 21 (5120 1024 384 ) (5120 1024 640 ) (5120 1536 640 ) (5120 1536 384 ) 
4 3 7 (6144 1024 384 ) (6144 1024 640 ) (5120 1024 640 ) (5120 1024 384 ) 
4 3 4 (6144 1536 384 ) (6144 1024 384 ) (5120 1024 384 ) (5120 1536 384 ) 
4 4 22 (5120 1024 256 ) (5120 1024 384 ) (5120 1536 384 ) (5120 1536 256 ) 
4 4 8 (6144 1024 256 ) (6144 1024 384 ) (5120 1024 384 ) (5120 1024 256 ) 
4 5 57 (5120 0 896 ) (5120 0 2560 ) (5120 1024 2560 ) (5120 1024 896 ) 
4 5 10 (5120 0 2560 ) (5120 0 896 ) (6144 0 896 ) (6144 0 2560 ) 
4 5 6 (6144 0 896 ) (5120 0 896 ) (5120 1024 896 ) (6144 1024 896 ) 
4 6 58 (5120 0 640 ) (5120 0 896 ) (5120 1024 896 ) (5120 1024 640 ) 
4 6 11 (5120 0 896 ) (5120 0 640 ) (6144 0 640 ) (6144 0 896 ) 
4 6 7 (5120 0 640 ) (5120 1024 640 ) (6144 1024 640 ) (6144 0 640 ) 
4 7 59 (5120 0 384 ) (5120 0 640 ) (5120 1024 640 ) (5120 1024 384 ) 
4 7 12 (5120 0 640 ) (5120 0 384 ) (6144 0 384 ) (6144 0 640 ) 
4 7 8 (5120 0 384 ) (5120 1024 384 ) (6144 1024 384 ) (6144 0 384 ) 
4 8 60 (5120 0 256 ) (5120 0 384 ) (5120 1024 384 ) (5120 1024 256 ) 
4 8 13 (5120 0 384 ) (5120 0 256 ) (6144 0 256 ) (6144 0 384 ) 
4 8 9 (6144 0 256 ) (5120 0 256 ) (5120 1024 256 ) (6144 1024 256 ) 
4 9 61 (5120 0 128 ) (5120 0 256 ) (5120 1024 256 ) (5120 1024 128 ) 
4 9 14 (5120 0 256 ) (5120 0 128 ) (6144 0 128 ) (6144 0 256 ) 
4 10 67 (5120 -1024 896 ) (5120 -1024 2560 ) (5120 0 2560 ) (5120 0 896 ) 
4 10 15 (5120 -1024 2560 ) (5120 -1024 896 ) (6144 -1024 896 ) (6144 -1024 2560 ) 
4 10 11 (6144 -1024 896 ) (5120 -1024 896 ) (5120 0 896 ) (6144 0 896 ) 
4 11 68 (5120 -1024 640 ) (5120 -1024 896 ) (5120 0 896 ) (5120 0 640 ) 
4 11 16 (5120 -1024 896 ) (5120 -1024 640 ) (6144 -1024 640 ) (6144 -1024 896 ) 
4 11 12 (5120 -1024 640 ) (5120 0 640 ) (6144 0 640 ) (6144 -1024 640 ) 
4 12 69 (5120 -1024 384 ) (5120 -1024 640 ) (5120 0 640 ) (5120 0 384 ) 
4 12 17 (5120 -1024 640 ) (5120 -1024 384 ) (6144 -1024 384 ) (6144 -1024 640 ) 
4 12 13 (5120 -1024 384 ) (5120 0 384 ) (6144 0 384 ) (6144 -1024 384 ) 
4 13 70 (5120 -1024 256 ) (5120 -1024 384 ) (5120 0 384 ) (5120 0 256 ) 
4 13 18 (5120 -1024 384 ) (5120 -1024 256 ) (6144 -1024 256 ) (6144 -1024 384 ) 
4 13 14 (6144 -1024 256 ) (5120 -1024 256 ) (5120 0 256 ) (6144 0 256 ) 
4 14 71 (5120 -1024 128 ) (5120 -1024 256 ) (5120 0 256 ) (5120 0 128 ) 
4 15 77 (5120 -1536 896 ) (5120 -1536 2560 ) (5120 -1024 2560 ) (5120 -1024 896 ) 
4 15 16 (6144 -1536 896 ) (5120 -1536 896 ) (5120 -1024 896 ) (6144 -1024 896 ) 
4 16 78 (5120 -1536 640 ) (5120 -1536 896 ) (5120 -1024 896 ) (5120 -1024 640 ) 
4 16 17 (6144 -1536 640 ) (5120 -1536 640 ) (5120 -1024 640 ) (6144 -1024 640 ) 
4 17 79 (5120 -1536 384 ) (5120 -1536 640 ) (5120 -1024 640 ) (5120 -1024 384 ) 
4 17 18 (6144 -1536 384 ) (5120 -1536 384 ) (5120 -1024 384 ) (6144 -1024 384 ) 
4 18 80 (5120 -1536 256 ) (5120 -1536 384 ) (5120 -1024 384 ) (5120 -1024 256 ) 
4 19 57 (5120 1024 896 ) (5120 1024 2560 ) (4096 1024 2560 ) (4096 1024 896 ) 
4 19 23 (4096 1024 896 ) (4096 1024 2560 ) (4096 1536 2560 ) (4096 1536 896 ) 
4 19 20 (5120 1024 896 ) (4096 1024 896 ) (4096 1536 896 ) (5120 1536 896 ) 
4 20 58 (5120 1024 640 ) (5120 1024 896 ) (4096 1024 896 ) (4096 1024 640 ) 
4 20 24 (4096 1024 640 ) (4096 1024 896 ) (4096 1536 896 ) (4096 1536 640 ) 
4 20 21 (5120 1536 640 ) (5120 1024 640 ) (4096 1024 640 ) (4096 1536 640 ) 
4 21 59 (5120 1024 384 ) (5120 1024 640 ) (4096 1024 640 ) (4096 1024 384 ) 
4 21 25 (4096 1024 384 ) (4096 1024 640 ) (4096 1536 640 ) (4096 1536 384 ) 
4 21 22 (5120 1024 384 ) (4096 1024 384 ) (4096 1536 384 ) (5120 1536 384 ) 
4 22 60 (5120 1024 256 ) (5120 1024 384 ) (4096 1024 384 ) (4096 1024 256 ) 
4 22 26 (4096 1024 256 ) (4096 1024 384 ) (4096 1536 384 ) (4096 1536 256 ) 
4 23 62 (4096 1024 896 ) (4096 1024 2560 ) (3072 1024 2560 ) (3072 1024 896 ) 
4 23 35 (3072 1024 896 ) (3072 1024 2560 ) (3072 1536 2560 ) (3072 1536 896 ) 
4 23 24 (4096 1024 896 ) (3072 1024 896 ) (3072 1536 896 ) (4096 1536 896 ) 
4 24 63 (4096 1024 640 ) (4096 1024 896 ) (3072 1024 896 ) (3072 1024 640 ) 
4 24 36 (3072 1024 640 ) (3072 1024 896 ) (3072 1536 896 ) (3072 1536 640 ) 
4 24 25 (3072 1024 640 ) (3072 1536 640 ) (4096 1536 640 ) (4096 1024 640 ) 
4 25 64 (4096 1024 384 ) (4096 1024 640 ) (3072 1024 640 ) (3072 1024 384 ) 
4 25 37 (3072 1024 384 ) (3072 1024 640 ) (3072 1536 640 ) (3072 1536 384 ) 
4 25 26 (4096 1024 384 ) (3072 1024 384 ) (3072 1536 384 ) (4096 1536 384 ) 
4 26 65 (4096 1024 256 ) (4096 1024 384 ) (3072 1024 384 ) (3072 1024 256 ) 
4 26 38 (3072 1024 256 ) (3072 1024 384 ) (3072 1536 384 ) (3072 1536 256 ) 
4 27 39 (2048 3072 896 ) (2048 3072 2560 ) (1024 3072 2560 ) (1024 3072 896 ) 
4 27 31 (1024 3072 896 ) (1024 3072 2560 ) (1024 3584 2560 ) (1024 3584 896 ) 
4 27 28 (2048 3072 896 ) (1024 3072 896 ) (1024 3584 896 ) (2048 3584 896 ) 
4 28 40 (2048 3072 640 ) (2048 3072 896 ) (1024 3072 896 ) (1024 3072 640 ) 
4 28 32 (1024 3072 640 ) (1024 3072 896 ) (1024 3584 896 ) (1024 3584 640 ) 
4 28 29 (1024 3072 640 ) (1024 3584 640 ) (2048 3584 640 ) (2048 3072 640 ) 
4 29 41 (2048 3072 384 ) (2048 3072 640 ) (1024 3072 640 ) (1024 3072 384 ) 
4 29 33 (1024 3072 384 ) (1024 3072 640 ) (1024 3584 640 ) (1024 3584 384 ) 
4 29 30 (2048 3072 384 ) (1024 3072 384 ) (1024 3584 384 ) (2048 3584 384 ) 
4 30 42 (2048 3072 256 ) (2048 3072 384 ) (1024 3072 384 ) (1024 3072 256 ) 
4 30 34 (1024 3072 256 ) (1024 3072 384 ) (1024 3584 384 ) (1024 3584 256 ) 
4 31 137 (0 3072 896 ) (0 3072 2560 ) (0 3584 2560 ) (0 3584 896 ) 
4 31 43 (1024 3072 896 ) (1024 3072 2560 ) (0 3072 2560 ) (0 3072 896 ) 
4 31 32 (0 3584 896 ) (1024 3584 896 ) (1024 3072 896 ) (0 3072 896 ) 
4 32 138 (0 3072 640 ) (0 3072 896 ) (0 3584 896 ) (0 3584 640 ) 
4 32 44 (1024 3072 640 ) (1024 3072 896 ) (0 3072 896 ) (0 3072 640 ) 
4 32 33 (1024 3072 640 ) (0 3072 640 ) (0 3584 640 ) (1024 3584 640 ) 
4 33 139 (0 3072 384 ) (0 3072 640 ) (0 3584 640 ) (0 3584 384 ) 
4 33 45 (1024 3072 384 ) (1024 3072 640 ) (0 3072 640 ) (0 3072 384 ) 
4 33 34 (0 3584 384 ) (1024 3584 384 ) (1024 3072 384 ) (0 3072 384 ) 
4 34 140 (0 3072 256 ) (0 3072 384 ) (0 3584 384 ) (0 3584 256 ) 
4 34 46 (1024 3072 256 ) (1024 3072 384 ) (0 3072 384 ) (0 3072 256 ) 
4 35 85 (3072 1024 896 ) (3072 1024 2560 ) (2048 1024 2560 ) (2048 1024 896 ) 
4 35 47 (2048 1024 896 ) (2048 1024 2560 ) (2048 1536 2560 ) (2048 1536 896 ) 
4 35 36 (3072 1024 896 ) (2048 1024 896 ) (2048 1536 896 ) (3072 1536 896 ) 
4 36 86 (3072 1024 640 ) (3072 1024 896 ) (2048 1024 896 ) (2048 1024 640 ) 
4 36 48 (2048 1024 640 ) (2048 1024 896 ) (2048 1536 896 ) (2048 1536 640 ) 
4 36 37 (3072 1024 640 ) (2048 1024 640 ) (2048 1536 640 ) (3072 1536 640 ) 
4 37 87 (3072 1024 384 ) (3072 1024 640 ) (2048 1024 640 ) (2048 1024 384 ) 
4 37 49 (2048 1024 384 ) (2048 1024 640 ) (2048 1536 640 ) (2048 1536 384 ) 
4 37 38 (3072 1536 384 ) (3072 1024 384 ) (2048 1024 384 ) (2048 1536 384 ) 
4 38 88 (3072 1024 256 ) (3072 1024 384 ) (2048 1024 384 ) (2048 1024 256 ) 
4 38 50 (2048 1024 256 ) (2048 1024 384 ) (2048 1536 384 ) (2048 1536 256 ) 
4 39 47 (2048 2048 896 ) (2048 2048 2560 ) (1024 2048 2560 ) (1024 2048 896 ) 
4 39 43 (1024 3072 2560 ) (1024 3072 896 ) (1024 2048 896 ) (1024 2048 2560 ) 
4 39 40 (2048 2048 896 ) (1024 2048 896 ) (1024 3072 896 ) (2048 3072 896 ) 
4 40 48 (2048 2048 640 ) (2048 2048 896 ) (1024 2048 896 ) (1024 2048 640 ) 
4 40 44 (1024 3072 896 ) (1024 3072 640 ) (1024 2048 640 ) (1024 2048 896 ) 
4 40 41 (1024 2048 640 ) (1024 3072 640 ) (2048 3072 640 ) (2048 2048 640 ) 
4 41 49 (2048 2048 384 ) (2048 2048 640 ) (1024 2048 640 ) (1024 2048 384 ) 
4 41 45 (1024 3072 640 ) (1024 3072 384 ) (1024 2048 384 ) (1024 2048 640 ) 
4 41 42 (2048 2048 384 ) (1024 2048 384 ) (1024 3072 384 ) (2048 3072 384 ) 
4 42 50 (2048 2048 256 ) (2048 2048 384 ) (1024 2048 384 ) (1024 2048 256 ) 
4 42 46 (1024 3072 384 ) (1024 3072 256 ) (1024 2048 256 ) (1024 2048 384 ) 
4 43 151 (0 2048 896 ) (0 2048 2560 ) (0 3072 2560 ) (0 3072 896 ) 
4 43 52 (1024 2048 896 ) (1024 2048 2560 ) (0 2048 2560 ) (0 2048 896 ) 
4 43 44 (1024 3072 896 ) (1024 2048 896 ) (0 2048 896 ) (0 3072 896 ) 
4 44 152 (0 2048 640 ) (0 2048 896 ) (0 3072 896 ) (0 3072 640 ) 
4 44 53 (1024 2048 640 ) (1024 2048 896 ) (0 2048 896 ) (0 2048 640 ) 
4 44 45 (1024 2048 640 ) (0 2048 640 ) (0 3072 640 ) (1024 3072 640 ) 
4 45 153 (0 2048 384 ) (0 2048 640 ) (0 3072 640 ) (0 3072 384 ) 
4 45 54 (1024 2048 384 ) (1024 2048 640 ) (0 2048 640 ) (0 2048 384 ) 
4 45 46 (1024 3072 384 ) (1024 2048 384 ) (0 2048 384 ) (0 3072 384 ) 
4 46 154 (0 2048 256 ) (0 2048 384 ) (0 3072 384 ) (0 3072 256 ) 
4 46 55 (1024 2048 256 ) (1024 2048 384 ) (0 2048 384 ) (0 2048 256 ) 
4 47 95 (2048 1024 896 ) (2048 1024 2560 ) (1024 1024 2560 ) (1024 1024 896 ) 
4 47 52 (1024 2048 2560 ) (1024 2048 896 ) (1024 1024 896 ) (1024 1024 2560 ) 
4 47 48 (2048 1024 896 ) (1024 1024 896 ) (1024 2048 896 ) (2048 2048 896 ) 
4 48 96 (2048 1024 640 ) (2048 1024 896 ) (1024 1024 896 ) (1024 1024 640 ) 
4 48 53 (1024 2048 896 ) (1024 2048 640 ) (1024 1024 640 ) (1024 1024 896 ) 
4 48 49 (1024 2048 640 ) (2048 2048 640 ) (2048 1024 640 ) (1024 1024 640 ) 
4 49 97 (2048 1024 384 ) (2048 1024 640 ) (1024 1024 640 ) (1024 1024 384 ) 
4 49 54 (1024 2048 640 ) (1024 2048 384 ) (1024 1024 384 ) (1024 1024 640 ) 
4 49 50 (1024 2048 384 ) (2048 2048 384 ) (2048 1024 384 ) (1024 1024 384 ) 
4 50 98 (2048 1024 256 ) (2048 1024 384 ) (1024 1024 384 ) (1024 1024 256 ) 
4 50 55 (1024 2048 384 ) (1024 2048 256 ) (1024 1024 256 ) (1024 1024 384 ) 
4 50 51 (1024 2048 256 ) (2048 2048 256 ) (2048 1024 256 ) (1024 1024 256 ) 
4 51 101 (1296 1024 16 ) (1024 1024 16 ) (1024 1024 0 ) (1296 1024 0 ) 
4 51 100 (2048 1024 0 ) (2048 1024 16 ) (1296 1024 16 ) (1296 1024 0 ) 
4 51 99 (2048 1024 16 ) (2048 1024 256 ) (1024 1024 256 ) (1024 1024 16 ) 
4 51 56 (1024 2048 256 ) (1024 2048 0 ) (1024 1024 0 ) (1024 1024 256 ) 
4 52 162 (0 1024 896 ) (0 1024 2560 ) (0 2048 2560 ) (0 2048 896 ) 
4 52 105 (1024 1024 896 ) (1024 1024 2560 ) (0 1024 2560 ) (0 1024 896 ) 
4 52 53 (1024 1024 896 ) (0 1024 896 ) (0 2048 896 ) (1024 2048 896 ) 
4 53 163 (0 1024 640 ) (0 1024 896 ) (0 2048 896 ) (0 2048 640 ) 
4 53 106 (1024 1024 640 ) (1024 1024 896 ) (0 1024 896 ) (0 1024 640 ) 
4 53 54 (1024 2048 640 ) (1024 1024 640 ) (0 1024 640 ) (0 2048 640 ) 
4 54 164 (0 1024 384 ) (0 1024 640 ) (0 2048 640 ) (0 2048 384 ) 
4 54 107 (1024 1024 384 ) (1024 1024 640 ) (0 1024 640 ) (0 1024 384 ) 
4 54 55 (1024 2048 384 ) (1024 1024 384 ) (0 1024 384 ) (0 2048 384 ) 
4 55 165 (0 1024 256 ) (0 1024 384 ) (0 2048 384 ) (0 2048 256 ) 
4 55 108 (1024 1024 256 ) (1024 1024 384 ) (0 1024 384 ) (0 1024 256 ) 
4 55 56 (1024 2048 256 ) (1024 1024 256 ) (0 1024 256 ) (0 2048 256 ) 
4 56 167 (0 1024 0 ) (0 1024 48 ) (0 2048 48 ) (0 2048 0 ) 
4 56 166 (0 1024 48 ) (0 1024 256 ) (0 2048 256 ) (0 2048 48 ) 
4 56 110 (1024 1024 0 ) (1024 1024 16 ) (832 1024 16 ) (832 1024 0 ) 
4 56 114 (832 1024 16 ) (0 1024 16 ) (0 1024 0 ) (832 1024 0 ) 
4 56 109 (1024 1024 16 ) (1024 1024 256 ) (0 1024 256 ) (0 1024 16 ) 
4 57 67 (5120 0 896 ) (5120 0 2560 ) (4096 0 2560 ) (4096 0 896 ) 
4 57 62 (4096 0 896 ) (4096 0 2560 ) (4096 1024 2560 ) (4096 1024 896 ) 
4 57 58 (4096 0 896 ) (4096 1024 896 ) (5120 1024 896 ) (5120 0 896 ) 
4 58 68 (5120 0 640 ) (5120 0 896 ) (4096 0 896 ) (4096 0 640 ) 
4 58 63 (4096 0 640 ) (4096 0 896 ) (4096 1024 896 ) (4096 1024 640 ) 
4 58 59 (5120 0 640 ) (4096 0 640 ) (4096 1024 640 ) (5120 1024 640 ) 
4 59 69 (5120 0 384 ) (5120 0 640 ) (4096 0 640 ) (4096 0 384 ) 
4 59 64 (4096 0 384 ) (4096 0 640 ) (4096 1024 640 ) (4096 1024 384 ) 
4 59 60 (5120 0 384 ) (4096 0 384 ) (4096 1024 384 ) (5120 1024 384 ) 
4 60 70 (5120 0 256 ) (5120 0 384 ) (4096 0 384 ) (4096 0 256 ) 
4 60 65 (4096 0 256 ) (4096 0 384 ) (4096 1024 384 ) (4096 1024 256 ) 
4 60 61 (5120 0 256 ) (4096 0 256 ) (4096 1024 256 ) (5120 1024 256 ) 
4 61 71 (5120 0 0 ) (5120 0 256 ) (4096 0 256 ) (4096 0 0 ) 
4 61 66 (4096 0 0 ) (4096 0 256 ) (4096 1024 256 ) (4096 1024 0 ) 
4 62 85 (3072 1024 2560 ) (3072 1024 896 ) (3072 0 896 ) (3072 0 2560 ) 
4 62 72 (3072 0 2560 ) (3072 0 896 ) (4096 0 896 ) (4096 0 2560 ) 
4 62 63 (4096 0 896 ) (3072 0 896 ) (3072 1024 896 ) (4096 1024 896 ) 
4 63 86 (3072 1024 896 ) (3072 1024 640 ) (3072 0 640 ) (3072 0 896 ) 
4 63 73 (3072 0 896 ) (3072 0 640 ) (4096 0 640 ) (4096 0 896 ) 
4 63 64 (4096 1024 640 ) (4096 0 640 ) (3072 0 640 ) (3072 1024 640 ) 
4 64 87 (3072 1024 640 ) (3072 1024 384 ) (3072 0 384 ) (3072 0 640 ) 
4 64 74 (3072 0 640 ) (3072 0 384 ) (4096 0 384 ) (4096 0 640 ) 
4 64 65 (4096 1024 384 ) (4096 0 384 ) (3072 0 384 ) (3072 1024 384 ) 
4 65 88 (3072 1024 384 ) (3072 1024 256 ) (3072 0 256 ) (3072 0 384 ) 
4 65 75 (3072 0 384 ) (3072 0 256 ) (4096 0 256 ) (4096 0 384 ) 
4 65 66 (4096 0 256 ) (3072 0 256 ) (3072 1024 256 ) (4096 1024 256 ) 
4 66 89 (3072 1024 256 ) (3072 1024 0 ) (3072 0 0 ) (3072 0 256 ) 
4 66 76 (3072 0 256 ) (3072 0 0 ) (4096 0 0 ) (4096 0 256 ) 
4 67 77 (5120 -1024 896 ) (5120 -1024 2560 ) (4096 -1024 2560 ) (4096 -1024 896 ) 
4 67 72 (4096 0 2560 ) (4096 0 896 ) (4096 -1024 896 ) (4096 -1024 2560 ) 
4 67 68 (5120 -1024 896 ) (4096 -1024 896 ) (4096 0 896 ) (5120 0 896 ) 
4 68 78 (5120 -1024 640 ) (5120 -1024 896 ) (4096 -1024 896 ) (4096 -1024 640 ) 
4 68 73 (4096 0 896 ) (4096 0 640 ) (4096 -1024 640 ) (4096 -1024 896 ) 
4 68 69 (4096 0 640 ) (5120 0 640 ) (5120 -1024 640 ) (4096 -1024 640 ) 
4 69 79 (5120 -1024 384 ) (5120 -1024 640 ) (4096 -1024 640 ) (4096 -1024 384 ) 
4 69 74 (4096 0 640 ) (4096 0 384 ) (4096 -1024 384 ) (4096 -1024 640 ) 
4 69 70 (4096 0 384 ) (5120 0 384 ) (5120 -1024 384 ) (4096 -1024 384 ) 
4 70 80 (5120 -1024 256 ) (5120 -1024 384 ) (4096 -1024 384 ) (4096 -1024 256 ) 
4 70 75 (4096 0 384 ) (4096 0 256 ) (4096 -1024 256 ) (4096 -1024 384 ) 
4 70 71 (4096 0 256 ) (5120 0 256 ) (5120 -1024 256 ) (4096 -1024 256 ) 
4 71 76 (4096 0 256 ) (4096 0 0 ) (4096 -1024 0 ) (4096 -1024 256 ) 
4 72 90 (3072 -1024 896 ) (3072 -1024 2560 ) (3072 0 2560 ) (3072 0 896 ) 
4 72 81 (4096 -1024 896 ) (4096 -1024 2560 ) (3072 -1024 2560 ) (3072 -1024 896 ) 
4 72 73 (4096 -1024 896 ) (3072 -1024 896 ) (3072 0 896 ) (4096 0 896 ) 
4 73 91 (3072 -1024 640 ) (3072 -1024 896 ) (3072 0 896 ) (3072 0 640 ) 
4 73 82 (4096 -1024 640 ) (4096 -1024 896 ) (3072 -1024 896 ) (3072 -1024 640 ) 
4 73 74 (3072 -1024 640 ) (3072 0 640 ) (4096 0 640 ) (4096 -1024 640 ) 
4 74 92 (3072 -1024 384 ) (3072 -1024 640 ) (3072 0 640 ) (3072 0 384 ) 
4 74 83 (4096 -1024 384 ) (4096 -1024 640 ) (3072 -1024 640 ) (3072 -1024 384 ) 
4 74 75 (3072 -1024 384 ) (3072 0 384 ) (4096 0 384 ) (4096 -1024 384 ) 
4 75 93 (3072 -1024 256 ) (3072 -1024 384 ) (3072 0 384 ) (3072 0 256 ) 
4 75 84 (4096 -1024 256 ) (4096 -1024 384 ) (3072 -1024 384 ) (3072 -1024 256 ) 
4 75 76 (3072 -1024 256 ) (3072 0 256 ) (4096 0 256 ) (4096 -1024 256 ) 
4 76 94 (3072 -1024 0 ) (3072 -1024 256 ) (3072 0 256 ) (3072 0 0 ) 
4 77 81 (4096 -1536 896 ) (4096 -1536 2560 ) (4096 -1024 2560 ) (4096 -1024 896 ) 
4 77 78 (5120 -1536 896 ) (4096 -1536 896 ) (4096 -1024 896 ) (5120 -1024 896 ) 
4 78 82 (4096 -1536 640 ) (4096 -1536 896 ) (4096 -1024 896 ) (4096 -1024 640 ) 
4 78 79 (5120 -1536 640 ) (4096 -1536 640 ) (4096 -1024 640 ) (5120 -1024 640 ) 
4 79 83 (4096 -1536 384 ) (4096 -1536 640 ) (4096 -1024 640 ) (4096 -1024 384 ) 
4 79 80 (5120 -1536 384 ) (4096 -1536 384 ) (4096 -1024 384 ) (5120 -1024 384 ) 
4 80 84 (4096 -1536 256 ) (4096 -1536 384 ) (4096 -1024 384 ) (4096 -1024 256 ) 
4 81 125 (3072 -1536 896 ) (3072 -1536 2560 ) (3072 -1024 2560 ) (3072 -1024 896 ) 
4 81 82 (4096 -1536 896 ) (3072 -1536 896 ) (3072 -1024 896 ) (4096 -1024 896 ) 
4 82 126 (3072 -1536 640 ) (3072 -1536 896 ) (3072 -1024 896 ) (3072 -1024 640 ) 
4 82 83 (4096 -1536 640 ) (3072 -1536 640 ) (3072 -1024 640 ) (4096 -1024 640 ) 
4 83 127 (3072 -1536 384 ) (3072 -1536 640 ) (3072 -1024 640 ) (3072 -1024 384 ) 
4 83 84 (4096 -1536 384 ) (3072 -1536 384 ) (3072 -1024 384 ) (4096 -1024 384 ) 
4 84 128 (3072 -1536 256 ) (3072 -1536 384 ) (3072 -1024 384 ) (3072 -1024 256 ) 
4 85 95 (2048 1024 2560 ) (2048 1024 896 ) (2048 0 896 ) (2048 0 2560 ) 
4 85 90 (3072 0 896 ) (3072 0 2560 ) (2048 0 2560 ) (2048 0 896 ) 
4 85 86 (3072 0 896 ) (2048 0 896 ) (2048 1024 896 ) (3072 1024 896 ) 
4 86 96 (2048 1024 896 ) (2048 1024 640 ) (2048 0 640 ) (2048 0 896 ) 
4 86 91 (3072 0 640 ) (3072 0 896 ) (2048 0 896 ) (2048 0 640 ) 
4 86 87 (2048 0 640 ) (2048 1024 640 ) (3072 1024 640 ) (3072 0 640 ) 
4 87 97 (2048 1024 640 ) (2048 1024 384 ) (2048 0 384 ) (2048 0 640 ) 
4 87 92 (3072 0 384 ) (3072 0 640 ) (2048 0 640 ) (2048 0 384 ) 
4 87 88 (3072 0 384 ) (2048 0 384 ) (2048 1024 384 ) (3072 1024 384 ) 
4 88 98 (2048 1024 384 ) (2048 1024 256 ) (2048 0 256 ) (2048 0 384 ) 
4 88 93 (3072 0 256 ) (3072 0 384 ) (2048 0 384 ) (2048 0 256 ) 
4 88 89 (2048 0 256 ) (2048 1024 256 ) (3072 1024 256 ) (3072 0 256 ) 
4 89 100 (2048 1024 16 ) (2048 1024 0 ) (2048 0 0 ) (2048 0 16 ) 
4 89 99 (2048 1024 256 ) (2048 1024 16 ) (2048 0 16 ) (2048 0 256 ) 
4 89 94 (3072 0 0 ) (3072 0 256 ) (2048 0 256 ) (2048 0 0 ) 
4 90 125 (3072 -1024 896 ) (3072 -1024 2560 ) (2048 -1024 2560 ) (2048 -1024 896 ) 
4 90 115 (2048 -1024 896 ) (2048 -1024 2560 ) (2048 0 2560 ) (2048 0 896 ) 
4 90 91 (3072 -1024 896 ) (2048 -1024 896 ) (2048 0 896 ) (3072 0 896 ) 
4 91 126 (3072 -1024 640 ) (3072 -1024 896 ) (2048 -1024 896 ) (2048 -1024 640 ) 
4 91 116 (2048 -1024 640 ) (2048 -1024 896 ) (2048 0 896 ) (2048 0 640 ) 
4 91 92 (2048 -1024 640 ) (2048 0 640 ) (3072 0 640 ) (3072 -1024 640 ) 
4 92 127 (3072 -1024 384 ) (3072 -1024 640 ) (2048 -1024 640 ) (2048 -1024 384 ) 
4 92 117 (2048 -1024 384 ) (2048 -1024 640 ) (2048 0 640 ) (2048 0 384 ) 
4 92 93 (2048 -1024 384 ) (2048 0 384 ) (3072 0 384 ) (3072 -1024 384 ) 
4 93 128 (3072 -1024 256 ) (3072 -1024 384 ) (2048 -1024 384 ) (2048 -1024 256 ) 
4 93 118 (2048 -1024 256 ) (2048 -1024 384 ) (2048 0 384 ) (2048 0 256 ) 
4 93 94 (3072 -1024 256 ) (2048 -1024 256 ) (2048 0 256 ) (3072 0 256 ) 
4 94 119 (2048 -1024 0 ) (2048 -1024 256 ) (2048 0 256 ) (2048 0 0 ) 
4 95 115 (2048 0 896 ) (2048 0 2560 ) (1024 0 2560 ) (1024 0 896 ) 
4 95 105 (1024 1024 2560 ) (1024 1024 896 ) (1024 0 896 ) (1024 0 2560 ) 
4 95 96 (2048 0 896 ) (1024 0 896 ) (1024 1024 896 ) (2048 1024 896 ) 
4 96 116 (2048 0 640 ) (2048 0 896 ) (1024 0 896 ) (1024 0 640 ) 
4 96 106 (1024 1024 896 ) (1024 1024 640 ) (1024 0 640 ) (1024 0 896 ) 
4 96 97 (1024 0 640 ) (1024 1024 640 ) (2048 1024 640 ) (2048 0 640 ) 
4 97 117 (2048 0 384 ) (2048 0 640 ) (1024 0 640 ) (1024 0 384 ) 
4 97 107 (1024 1024 640 ) (1024 1024 384 ) (1024 0 384 ) (1024 0 640 ) 
4 97 98 (1024 0 384 ) (1024 1024 384 ) (2048 1024 384 ) (2048 0 384 ) 
4 98 118 (2048 0 256 ) (2048 0 384 ) (1024 0 384 ) (1024 0 256 ) 
4 98 108 (1024 1024 384 ) (1024 1024 256 ) (1024 0 256 ) (1024 0 384 ) 
4 98 99 (2048 0 256 ) (1024 0 256 ) (1024 1024 256 ) (2048 1024 256 ) 
4 99 119 (2048 0 16 ) (2048 0 256 ) (1024 0 256 ) (1024 0 16 ) 
4 99 109 (1024 1024 256 ) (1024 1024 16 ) (1024 0 16 ) (1024 0 256 ) 
4 99 102 (1024 176 16 ) (1024 544 16 ) (1296 544 16 ) (1296 176 16 ) 
4 99 101 (1024 544 16 ) (1024 1024 16 ) (1296 1024 16 ) (1296 544 16 ) 
4 99 104 (1296 0 16 ) (1024 0 16 ) (1024 176 16 ) (1296 176 16 ) 
4 99 100 (2048 0 16 ) (1296 0 16 ) (1296 1024 16 ) (2048 1024 16 ) 
4 100 119 (2048 0 0 ) (2048 0 16 ) (1296 0 16 ) (1296 0 0 ) 
4 100 103 (1296 544 0 ) (1296 176 0 ) (1296 176 4 ) (1296 544 4 ) 
4 100 102 (1296 176 4 ) (1296 176 16 ) (1296 544 16 ) (1296 544 4 ) 
4 100 101 (1296 1024 0 ) (1296 544 0 ) (1296 544 16 ) (1296 1024 16 ) 
4 100 104 (1296 176 0 ) (1296 0 0 ) (1296 0 16 ) (1296 176 16 ) 
4 101 110 (1024 1024 16 ) (1024 1024 0 ) (1024 544 0 ) (1024 544 16 ) 
4 101 103 (1024 544 0 ) (1296 544 0 ) (1296 544 4 ) (1024 544 4 ) 
4 101 102 (1296 544 4 ) (1296 544 16 ) (1024 544 16 ) (1024 544 4 ) 
4 102 111 (1024 176 4 ) (1024 176 16 ) (1024 544 16 ) (1024 544 4 ) 
4 102 104 (1296 176 4 ) (1296 176 16 ) (1024 176 16 ) (1024 176 4 ) 
4 102 103 (1296 176 4 ) (1024 176 4 ) (1024 544 4 ) (1296 544 4 ) 
4 103 112 (1024 544 0 ) (1024 176 0 ) (1024 176 4 ) (1024 544 4 ) 
4 103 104 (1024 176 0 ) (1296 176 0 ) (1296 176 4 ) (1024 176 4 ) 
4 104 119 (1296 0 16 ) (1024 0 16 ) (1024 0 0 ) (1296 0 0 ) 
4 104 113 (1024 176 0 ) (1024 0 0 ) (1024 0 16 ) (1024 176 16 ) 
4 105 201 (0 0 896 ) (0 0 2560 ) (0 1024 2560 ) (0 1024 896 ) 
4 105 120 (1024 0 896 ) (1024 0 2560 ) (0 0 2560 ) (0 0 896 ) 
4 105 106 (1024 1024 896 ) (1024 0 896 ) (0 0 896 ) (0 1024 896 ) 
4 106 202 (0 0 640 ) (0 0 896 ) (0 1024 896 ) (0 1024 640 ) 
4 106 121 (1024 0 640 ) (1024 0 896 ) (0 0 896 ) (0 0 640 ) 
4 106 107 (1024 0 640 ) (0 0 640 ) (0 1024 640 ) (1024 1024 640 ) 
4 107 203 (0 0 384 ) (0 0 640 ) (0 1024 640 ) (0 1024 384 ) 
4 107 122 (1024 0 384 ) (1024 0 640 ) (0 0 640 ) (0 0 384 ) 
4 107 108 (1024 0 384 ) (0 0 384 ) (0 1024 384 ) (1024 1024 384 ) 
4 108 204 (0 0 256 ) (0 0 384 ) (0 1024 384 ) (0 1024 256 ) 
4 108 123 (1024 0 256 ) (1024 0 384 ) (0 0 384 ) (0 0 256 ) 
4 108 109 (1024 1024 256 ) (1024 0 256 ) (0 0 256 ) (0 1024 256 ) 
4 109 206 (0 0 16 ) (0 0 48 ) (0 1024 48 ) (0 1024 16 ) 
4 109 205 (0 0 48 ) (0 0 256 ) (0 1024 256 ) (0 1024 48 ) 
4 109 124 (1024 0 16 ) (1024 0 256 ) (0 0 256 ) (0 0 16 ) 
4 109 111 (1024 544 16 ) (1024 176 16 ) (832 176 16 ) (832 544 16 ) 
4 109 110 (1024 1024 16 ) (1024 544 16 ) (832 544 16 ) (832 1024 16 ) 
4 109 113 (1024 176 16 ) (1024 0 16 ) (832 0 16 ) (832 176 16 ) 
4 109 114 (832 0 16 ) (0 0 16 ) (0 1024 16 ) (832 1024 16 ) 
4 110 112 (832 544 4 ) (832 544 0 ) (1024 544 0 ) (1024 544 4 ) 
4 110 111 (832 544 16 ) (832 544 4 ) (1024 544 4 ) (1024 544 16 ) 
4 110 114 (832 1024 0 ) (832 544 0 ) (832 544 16 ) (832 1024 16 ) 
4 111 114 (832 176 4 ) (832 176 16 ) (832 544 16 ) (832 544 4 ) 
4 111 113 (832 176 16 ) (832 176 4 ) (1024 176 4 ) (1024 176 16 ) 
4 111 112 (1024 176 4 ) (832 176 4 ) (832 544 4 ) (1024 544 4 ) 
4 112 114 (832 544 0 ) (832 176 0 ) (832 176 4 ) (832 544 4 ) 
4 112 113 (832 176 4 ) (832 176 0 ) (1024 176 0 ) (1024 176 4 ) 
4 113 124 (1024 0 0 ) (1024 0 16 ) (832 0 16 ) (832 0 0 ) 
4 113 114 (832 176 0 ) (832 0 0 ) (832 0 16 ) (832 176 16 ) 
4 114 206 (0 0 0 ) (0 0 16 ) (0 1024 16 ) (0 1024 0 ) 
4 114 124 (832 0 16 ) (0 0 16 ) (0 0 0 ) (832 0 0 ) 
4 115 129 (2048 -1024 896 ) (2048 -1024 2560 ) (1024 -1024 2560 ) (1024 -1024 896 ) 
4 115 120 (1024 0 2560 ) (1024 0 896 ) (1024 -1024 896 ) (1024 -1024 2560 ) 
4 115 116 (2048 -1024 896 ) (1024 -1024 896 ) (1024 0 896 ) (2048 0 896 ) 
4 116 130 (2048 -1024 640 ) (2048 -1024 896 ) (1024 -1024 896 ) (1024 -1024 640 ) 
4 116 121 (1024 0 896 ) (1024 0 640 ) (1024 -1024 640 ) (1024 -1024 896 ) 
4 116 117 (1024 0 640 ) (2048 0 640 ) (2048 -1024 640 ) (1024 -1024 640 ) 
4 117 131 (2048 -1024 384 ) (2048 -1024 640 ) (1024 -1024 640 ) (1024 -1024 384 ) 
4 117 122 (1024 0 640 ) (1024 0 384 ) (1024 -1024 384 ) (1024 -1024 640 ) 
4 117 118 (1024 0 384 ) (2048 0 384 ) (2048 -1024 384 ) (1024 -1024 384 ) 
4 118 132 (2048 -1024 256 ) (2048 -1024 384 ) (1024 -1024 384 ) (1024 -1024 256 ) 
4 118 123 (1024 0 384 ) (1024 0 256 ) (1024 -1024 256 ) (1024 -1024 384 ) 
4 118 119 (1024 0 256 ) (2048 0 256 ) (2048 -1024 256 ) (1024 -1024 256 ) 
4 119 124 (1024 0 256 ) (1024 0 0 ) (1024 -1024 0 ) (1024 -1024 256 ) 
4 120 218 (0 -1024 896 ) (0 -1024 2560 ) (0 0 2560 ) (0 0 896 ) 
4 120 133 (1024 -1024 896 ) (1024 -1024 2560 ) (0 -1024 2560 ) (0 -1024 896 ) 
4 120 121 (1024 0 896 ) (1024 -1024 896 ) (0 -1024 896 ) (0 0 896 ) 
4 121 219 (0 -1024 640 ) (0 -1024 896 ) (0 0 896 ) (0 0 640 ) 
4 121 134 (1024 -1024 640 ) (1024 -1024 896 ) (0 -1024 896 ) (0 -1024 640 ) 
4 121 122 (1024 -1024 640 ) (0 -1024 640 ) (0 0 640 ) (1024 0 640 ) 
4 122 220 (0 -1024 384 ) (0 -1024 640 ) (0 0 640 ) (0 0 384 ) 
4 122 135 (1024 -1024 384 ) (1024 -1024 640 ) (0 -1024 640 ) (0 -1024 384 ) 
4 122 123 (1024 0 384 ) (1024 -1024 384 ) (0 -1024 384 ) (0 0 384 ) 
4 123 221 (0 -1024 256 ) (0 -1024 384 ) (0 0 384 ) (0 0 256 ) 
4 123 136 (1024 -1024 256 ) (1024 -1024 384 ) (0 -1024 384 ) (0 -1024 256 ) 
4 123 124 (1024 0 256 ) (1024 -1024 256 ) (0 -1024 256 ) (0 0 256 ) 
4 124 222 (0 -1024 0 ) (0 -1024 256 ) (0 0 256 ) (0 0 0 ) 
4 125 129 (2048 -1024 2560 ) (2048 -1024 896 ) (2048 -1536 896 ) (2048 -1536 2560 ) 
4 125 126 (3072 -1536 896 ) (2048 -1536 896 ) (2048 -1024 896 ) (3072 -1024 896 ) 
4 126 130 (2048 -1024 896 ) (2048 -1024 640 ) (2048 -1536 640 ) (2048 -1536 896 ) 
4 126 127 (3072 -1536 640 ) (2048 -1536 640 ) (2048 -1024 640 ) (3072 -1024 640 ) 
4 127 131 (2048 -1024 640 ) (2048 -1024 384 ) (2048 -1536 384 ) (2048 -1536 640 ) 
4 127 128 (3072 -1536 384 ) (2048 -1536 384 ) (2048 -1024 384 ) (3072 -1024 384 ) 
4 128 132 (2048 -1024 384 ) (2048 -1024 256 ) (2048 -1536 256 ) (2048 -1536 384 ) 
4 129 133 (1024 -1024 2560 ) (1024 -1024 896 ) (1024 -1536 896 ) (1024 -1536 2560 ) 
4 129 130 (2048 -1536 896 ) (1024 -1536 896 ) (1024 -1024 896 ) (2048 -1024 896 ) 
4 130 134 (1024 -1024 896 ) (1024 -1024 640 ) (1024 -1536 640 ) (1024 -1536 896 ) 
4 130 131 (2048 -1536 640 ) (1024 -1536 640 ) (1024 -1024 640 ) (2048 -1024 640 ) 
4 131 135 (1024 -1024 640 ) (1024 -1024 384 ) (1024 -1536 384 ) (1024 -1536 640 ) 
4 131 132 (2048 -1536 384 ) (1024 -1536 384 ) (1024 -1024 384 ) (2048 -1024 384 ) 
4 132 136 (1024 -1024 384 ) (1024 -1024 256 ) (1024 -1536 256 ) (1024 -1536 384 ) 
4 133 254 (0 -1536 896 ) (0 -1536 2560 ) (0 -1024 2560 ) (0 -1024 896 ) 
4 133 134 (1024 -1536 896 ) (0 -1536 896 ) (0 -1024 896 ) (1024 -1024 896 ) 
4 134 255 (0 -1536 640 ) (0 -1536 896 ) (0 -1024 896 ) (0 -1024 640 ) 
4 134 135 (1024 -1536 640 ) (0 -1536 640 ) (0 -1024 640 ) (1024 -1024 640 ) 
4 135 256 (0 -1536 384 ) (0 -1536 640 ) (0 -1024 640 ) (0 -1024 384 ) 
4 135 136 (1024 -1536 384 ) (0 -1536 384 ) (0 -1024 384 ) (1024 -1024 384 ) 
4 136 257 (0 -1536 256 ) (0 -1536 384 ) (0 -1024 384 ) (0 -1024 256 ) 
4 137 151 (0 3072 896 ) (0 3072 2560 ) (-1024 3072 2560 ) (-1024 3072 896 ) 
4 137 141 (-1024 3072 896 ) (-1024 3072 2560 ) (-1024 3584 2560 ) (-1024 3584 896 ) 
4 137 138 (0 3072 896 ) (-1024 3072 896 ) (-1024 3584 896 ) (0 3584 896 ) 
4 138 152 (0 3072 640 ) (0 3072 896 ) (-1024 3072 896 ) (-1024 3072 640 ) 
4 138 142 (-1024 3072 640 ) (-1024 3072 896 ) (-1024 3584 896 ) (-1024 3584 640 ) 
4 138 139 (-1024 3072 640 ) (-1024 3584 640 ) (0 3584 640 ) (0 3072 640 ) 
4 139 153 (0 3072 384 ) (0 3072 640 ) (-1024 3072 640 ) (-1024 3072 384 ) 
4 139 143 (-1024 3072 384 ) (-1024 3072 640 ) (-1024 3584 640 ) (-1024 3584 384 ) 
4 139 140 (0 3072 384 ) (-1024 3072 384 ) (-1024 3584 384 ) (0 3584 384 ) 
4 140 154 (0 3072 256 ) (0 3072 384 ) (-1024 3072 384 ) (-1024 3072 256 ) 
4 140 144 (-1024 3072 256 ) (-1024 3072 384 ) (-1024 3584 384 ) (-1024 3584 256 ) 
4 141 155 (-1024 3072 896 ) (-1024 3072 2560 ) (-2048 3072 2560 ) (-2048 3072 896 ) 
4 141 145 (-2048 3072 896 ) (-2048 3072 2560 ) (-2048 3584 2560 ) (-2048 3584 896 ) 
4 141 142 (-2048 3584 896 ) (-1024 3584 896 ) (-1024 3072 896 ) (-2048 3072 896 ) 
4 142 156 (-1024 3072 640 ) (-1024 3072 896 ) (-2048 3072 896 ) (-2048 3072 640 ) 
4 142 146 (-2048 3072 640 ) (-2048 3072 896 ) (-2048 3584 896 ) (-2048 3584 640 ) 
4 142 143 (-1024 3072 640 ) (-2048 3072 640 ) (-2048 3584 640 ) (-1024 3584 640 ) 
4 143 157 (-1024 3072 384 ) (-1024 3072 640 ) (-2048 3072 640 ) (-2048 3072 384 ) 
4 143 147 (-2048 3072 384 ) (-2048 3072 640 ) (-2048 3584 640 ) (-2048 3584 384 ) 
4 143 144 (-2048 3584 384 ) (-1024 3584 384 ) (-1024 3072 384 ) (-2048 3072 384 ) 
4 144 160 (-1056 3072 384 ) (-2048 3072 384 ) (-2048 3072 256 ) (-1056 3072 256 ) 
4 144 158 (-1024 3072 256 ) (-1024 3072 384 ) (-1056 3072 384 ) (-1056 3072 256 ) 
4 144 148 (-2048 3072 256 ) (-2048 3072 384 ) (-2048 3584 384 ) (-2048 3584 256 ) 
4 145 179 (-2048 3072 896 ) (-2048 3072 2560 ) (-3072 3072 2560 ) (-3072 3072 896 ) 
4 145 149 (-3072 3072 896 ) (-3072 3072 2560 ) (-3072 3584 2560 ) (-3072 3584 896 ) 
4 145 146 (-3072 3584 896 ) (-2048 3584 896 ) (-2048 3072 896 ) (-3072 3072 896 ) 
4 146 180 (-2048 3072 640 ) (-2048 3072 896 ) (-3072 3072 896 ) (-3072 3072 640 ) 
4 146 150 (-3072 3072 640 ) (-3072 3072 896 ) (-3072 3584 896 ) (-3072 3584 640 ) 
4 146 147 (-2048 3072 640 ) (-2976 3072 640 ) (-2976 3584 640 ) (-2048 3584 640 ) 
4 147 181 (-2048 3072 384 ) (-2048 3072 640 ) (-2976 3072 640 ) (-2976 3072 384 ) 
4 147 148 (-2976 3584 384 ) (-2048 3584 384 ) (-2048 3072 384 ) (-2976 3072 384 ) 
4 148 182 (-2048 3072 256 ) (-2048 3072 384 ) (-2976 3072 384 ) (-2976 3072 256 ) 
4 149 268 (-4096 3072 896 ) (-4096 3072 2560 ) (-4096 3584 2560 ) (-4096 3584 896 ) 
4 149 186 (-4096 3072 2560 ) (-4096 3072 896 ) (-3072 3072 896 ) (-3072 3072 2560 ) 
4 149 150 (-4096 3584 896 ) (-3072 3584 896 ) (-3072 3072 896 ) (-4096 3072 896 ) 
4 150 269 (-4096 3072 640 ) (-4096 3072 896 ) (-4096 3584 896 ) (-4096 3584 640 ) 
4 150 187 (-4096 3072 896 ) (-4096 3072 640 ) (-3072 3072 640 ) (-3072 3072 896 ) 
4 151 162 (0 2048 896 ) (0 2048 2560 ) (-1024 2048 2560 ) (-1024 2048 896 ) 
4 151 155 (-1024 3072 2560 ) (-1024 3072 896 ) (-1024 2048 896 ) (-1024 2048 2560 ) 
4 151 152 (0 2048 896 ) (-1024 2048 896 ) (-1024 3072 896 ) (0 3072 896 ) 
4 152 163 (0 2048 640 ) (0 2048 896 ) (-1024 2048 896 ) (-1024 2048 640 ) 
4 152 156 (-1024 3072 896 ) (-1024 3072 640 ) (-1024 2048 640 ) (-1024 2048 896 ) 
4 152 153 (-1024 2048 640 ) (-1024 3072 640 ) (0 3072 640 ) (0 2048 640 ) 
4 153 164 (0 2048 384 ) (0 2048 640 ) (-1024 2048 640 ) (-1024 2048 384 ) 
4 153 157 (-1024 3072 640 ) (-1024 3072 384 ) (-1024 2048 384 ) (-1024 2048 640 ) 
4 153 154 (0 2048 384 ) (-1024 2048 384 ) (-1024 3072 384 ) (0 3072 384 ) 
4 154 165 (0 2048 256 ) (0 2048 384 ) (-1024 2048 384 ) (-1024 2048 256 ) 
4 154 158 (-1024 3072 384 ) (-1024 3072 256 ) (-1024 2048 256 ) (-1024 2048 384 ) 
4 155 179 (-2048 3072 2560 ) (-2048 3072 896 ) (-2048 2048 896 ) (-2048 2048 2560 ) 
4 155 172 (-1024 2048 896 ) (-1024 2048 2560 ) (-2048 2048 2560 ) (-2048 2048 896 ) 
4 155 156 (-1024 2048 896 ) (-2048 2048 896 ) (-2048 3072 896 ) (-1024 3072 896 ) 
4 156 180 (-2048 3072 896 ) (-2048 3072 640 ) (-2048 2048 640 ) (-2048 2048 896 ) 
4 156 173 (-1024 2048 640 ) (-1024 2048 896 ) (-2048 2048 896 ) (-2048 2048 640 ) 
4 156 157 (-2048 3072 640 ) (-1024 3072 640 ) (-1024 2048 640 ) (-2048 2048 640 ) 
4 157 181 (-2048 3072 640 ) (-2048 3072 384 ) (-2048 2048 384 ) (-2048 2048 640 ) 
4 157 174 (-1024 2048 384 ) (-1024 2048 640 ) (-2048 2048 640 ) (-2048 2048 384 ) 
4 157 160 (-2048 3072 384 ) (-1056 3072 384 ) (-1056 2048 384 ) (-2048 2048 384 ) 
4 157 158 (-1056 3072 384 ) (-1024 3072 384 ) (-1024 2048 384 ) (-1056 2048 384 ) 
4 158 175 (-1024 2048 256 ) (-1024 2048 384 ) (-1056 2048 384 ) (-1056 2048 256 ) 
4 158 160 (-1056 2048 384 ) (-1056 3072 384 ) (-1056 3072 256 ) (-1056 2048 256 ) 
4 158 159 (-1056 2048 256 ) (-1056 3072 256 ) (-1024 3072 256 ) (-1024 2048 256 ) 
4 159 176 (-1024 2048 0 ) (-1024 2048 256 ) (-1056 2048 256 ) (-1056 2048 0 ) 
4 159 161 (-1056 3072 256 ) (-1056 3072 96 ) (-1056 2048 96 ) (-1056 2048 256 ) 
4 160 182 (-2048 3072 384 ) (-2048 3072 256 ) (-2048 2048 256 ) (-2048 2048 384 ) 
4 160 177 (-1056 2048 256 ) (-1056 2048 384 ) (-2048 2048 384 ) (-2048 2048 256 ) 
4 160 161 (-2048 3072 256 ) (-1056 3072 256 ) (-1056 2048 256 ) (-2048 2048 256 ) 
4 161 183 (-2048 3072 256 ) (-2048 3072 96 ) (-2048 2048 96 ) (-2048 2048 256 ) 
4 161 178 (-1056 2048 96 ) (-1056 2048 256 ) (-2048 2048 256 ) (-2048 2048 96 ) 
4 162 201 (0 1024 896 ) (0 1024 2560 ) (-1024 1024 2560 ) (-1024 1024 896 ) 
4 162 172 (-1024 2048 2560 ) (-1024 2048 896 ) (-1024 1024 896 ) (-1024 1024 2560 ) 
4 162 163 (-1024 2048 896 ) (0 2048 896 ) (0 1024 896 ) (-1024 1024 896 ) 
4 163 202 (0 1024 640 ) (0 1024 896 ) (-1024 1024 896 ) (-1024 1024 640 ) 
4 163 173 (-1024 2048 896 ) (-1024 2048 640 ) (-1024 1024 640 ) (-1024 1024 896 ) 
4 163 164 (0 1024 640 ) (-1024 1024 640 ) (-1024 2048 640 ) (0 2048 640 ) 
4 164 203 (0 1024 384 ) (0 1024 640 ) (-1024 1024 640 ) (-1024 1024 384 ) 
4 164 174 (-1024 2048 640 ) (-1024 2048 384 ) (-1024 1024 384 ) (-1024 1024 640 ) 
4 164 165 (0 1024 384 ) (-1024 1024 384 ) (-1024 2048 384 ) (0 2048 384 ) 
4 165 204 (0 1024 256 ) (0 1024 384 ) (-1024 1024 384 ) (-1024 1024 256 ) 
4 165 175 (-1024 2048 384 ) (-1024 2048 256 ) (-1024 1024 256 ) (-1024 1024 384 ) 
4 165 166 (-1024 2048 256 ) (0 2048 256 ) (0 1024 256 ) (-1024 1024 256 ) 
4 166 205 (0 1024 48 ) (0 1024 256 ) (-1024 1024 256 ) (-1024 1024 48 ) 
4 166 176 (-1024 2048 256 ) (-1024 2048 48 ) (-1024 1024 48 ) (-1024 1024 256 ) 
4 166 169 (-464 1280 48 ) (-464 1024 48 ) (-928 1024 48 ) (-928 1280 48 ) 
4 166 168 (-928 2048 48 ) (-464 2048 48 ) (-464 1280 48 ) (-928 1280 48 ) 
4 166 167 (-464 2048 48 ) (0 2048 48 ) (0 1024 48 ) (-464 1024 48 ) 
4 166 171 (-1024 2048 48 ) (-928 2048 48 ) (-928 1024 48 ) (-1024 1024 48 ) 
4 167 206 (0 1024 0 ) (0 1024 48 ) (-464 1024 48 ) (-464 1024 0 ) 
4 167 170 (-464 1280 0 ) (-464 1024 0 ) (-464 1024 36 ) (-464 1280 36 ) 
4 167 169 (-464 1024 36 ) (-464 1024 48 ) (-464 1280 48 ) (-464 1280 36 ) 
4 167 168 (-464 2048 0 ) (-464 1280 0 ) (-464 1280 48 ) (-464 2048 48 ) 
4 168 170 (-928 1280 36 ) (-928 1280 0 ) (-464 1280 0 ) (-464 1280 36 ) 
4 168 169 (-928 1280 48 ) (-928 1280 36 ) (-464 1280 36 ) (-464 1280 48 ) 
4 168 171 (-928 2048 0 ) (-928 1280 0 ) (-928 1280 48 ) (-928 2048 48 ) 
4 169 207 (-464 1024 48 ) (-928 1024 48 ) (-928 1024 36 ) (-464 1024 36 ) 
4 169 171 (-928 1024 36 ) (-928 1024 48 ) (-928 1280 48 ) (-928 1280 36 ) 
4 169 170 (-928 1024 36 ) (-928 1280 36 ) (-464 1280 36 ) (-464 1024 36 ) 
4 170 208 (-928 1024 36 ) (-928 1024 0 ) (-464 1024 0 ) (-464 1024 36 ) 
4 170 171 (-928 1280 0 ) (-928 1024 0 ) (-928 1024 36 ) (-928 1280 36 ) 
4 171 210 (-928 1024 48 ) (-1024 1024 48 ) (-1024 1024 0 ) (-928 1024 0 ) 
4 171 176 (-1024 2048 48 ) (-1024 2048 0 ) (-1024 1024 0 ) (-1024 1024 48 ) 
4 172 211 (-1024 1024 896 ) (-1024 1024 2560 ) (-2048 1024 2560 ) (-2048 1024 896 ) 
4 172 190 (-2048 1024 896 ) (-2048 1024 2560 ) (-2048 2048 2560 ) (-2048 2048 896 ) 
4 172 173 (-1024 2048 896 ) (-1024 1024 896 ) (-2048 1024 896 ) (-2048 2048 896 ) 
4 173 212 (-1024 1024 640 ) (-1024 1024 896 ) (-2048 1024 896 ) (-2048 1024 640 ) 
4 173 191 (-2048 1024 640 ) (-2048 1024 896 ) (-2048 2048 896 ) (-2048 2048 640 ) 
4 173 174 (-1024 1024 640 ) (-2048 1024 640 ) (-2048 2048 640 ) (-1024 2048 640 ) 
4 174 213 (-1024 1024 384 ) (-1024 1024 640 ) (-2048 1024 640 ) (-2048 1024 384 ) 
4 174 192 (-2048 1024 384 ) (-2048 1024 640 ) (-2048 2048 640 ) (-2048 2048 384 ) 
4 174 177 (-1056 1024 384 ) (-2048 1024 384 ) (-2048 2048 384 ) (-1056 2048 384 ) 
4 174 175 (-1024 2048 384 ) (-1024 1024 384 ) (-1056 1024 384 ) (-1056 2048 384 ) 
4 175 214 (-1024 1024 256 ) (-1024 1024 384 ) (-1056 1024 384 ) (-1056 1024 256 ) 
4 175 177 (-1056 1024 256 ) (-1056 1024 384 ) (-1056 2048 384 ) (-1056 2048 256 ) 
4 175 176 (-1056 1024 256 ) (-1056 2048 256 ) (-1024 2048 256 ) (-1024 1024 256 ) 
4 176 215 (-1024 1024 0 ) (-1024 1024 256 ) (-1056 1024 256 ) (-1056 1024 0 ) 
4 176 178 (-1056 1024 96 ) (-1056 1024 256 ) (-1056 2048 256 ) (-1056 2048 96 ) 
4 177 216 (-1056 1024 256 ) (-1056 1024 384 ) (-2048 1024 384 ) (-2048 1024 256 ) 
4 177 193 (-2048 1024 256 ) (-2048 1024 384 ) (-2048 2048 384 ) (-2048 2048 256 ) 
4 177 178 (-1056 2048 256 ) (-1056 1024 256 ) (-2048 1024 256 ) (-2048 2048 256 ) 
4 178 217 (-1056 1024 96 ) (-1056 1024 256 ) (-2048 1024 256 ) (-2048 1024 96 ) 
4 178 194 (-2048 1024 96 ) (-2048 1024 256 ) (-2048 2048 256 ) (-2048 2048 96 ) 
4 179 190 (-2048 2048 896 ) (-2048 2048 2560 ) (-3072 2048 2560 ) (-3072 2048 896 ) 
4 179 186 (-3072 3072 2560 ) (-3072 3072 896 ) (-3072 2048 896 ) (-3072 2048 2560 ) 
4 179 180 (-3072 2048 896 ) (-3072 3072 896 ) (-2048 3072 896 ) (-2048 2048 896 ) 
4 180 191 (-2048 2048 640 ) (-2048 2048 896 ) (-3072 2048 896 ) (-3072 2048 640 ) 
4 180 187 (-3072 3072 896 ) (-3072 3072 640 ) (-3072 2048 640 ) (-3072 2048 896 ) 
4 180 184 (-3040 2048 640 ) (-3072 2048 640 ) (-3072 3072 640 ) (-3040 3072 640 ) 
4 180 181 (-2048 2048 640 ) (-2976 2048 640 ) (-2976 3072 640 ) (-2048 3072 640 ) 
4 181 192 (-2048 2048 384 ) (-2048 2048 640 ) (-2976 2048 640 ) (-2976 2048 384 ) 
4 181 182 (-2048 2048 384 ) (-2976 2048 384 ) (-2976 3072 384 ) (-2048 3072 384 ) 
4 182 193 (-2048 2048 256 ) (-2048 2048 384 ) (-2976 2048 384 ) (-2976 2048 256 ) 
4 182 183 (-2080 3072 256 ) (-2048 3072 256 ) (-2048 2048 256 ) (-2080 2048 256 ) 
4 183 194 (-2048 2048 96 ) (-2048 2048 256 ) (-2080 2048 256 ) (-2080 2048 96 ) 
4 184 195 (-3040 2048 384 ) (-3040 2048 640 ) (-3072 2048 640 ) (-3072 2048 384 ) 
4 184 188 (-3072 3072 640 ) (-3072 3072 384 ) (-3072 2048 384 ) (-3072 2048 640 ) 
4 184 185 (-3072 3072 384 ) (-3040 3072 384 ) (-3040 2048 384 ) (-3072 2048 384 ) 
4 185 196 (-3040 2048 320 ) (-3040 2048 384 ) (-3072 2048 384 ) (-3072 2048 320 ) 
4 185 189 (-3072 3072 384 ) (-3072 3072 320 ) (-3072 2048 320 ) (-3072 2048 384 ) 
4 186 272 (-4096 2048 896 ) (-4096 2048 2560 ) (-4096 3072 2560 ) (-4096 3072 896 ) 
4 186 197 (-4096 2048 2560 ) (-4096 2048 896 ) (-3072 2048 896 ) (-3072 2048 2560 ) 
4 186 187 (-3072 2048 896 ) (-4096 2048 896 ) (-4096 3072 896 ) (-3072 3072 896 ) 
4 187 273 (-4096 2048 640 ) (-4096 2048 896 ) (-4096 3072 896 ) (-4096 3072 640 ) 
4 187 198 (-4096 2048 896 ) (-4096 2048 640 ) (-3072 2048 640 ) (-3072 2048 896 ) 
4 187 188 (-3072 3072 640 ) (-3072 2048 640 ) (-4096 2048 640 ) (-4096 3072 640 ) 
4 188 274 (-4096 2048 384 ) (-4096 2048 640 ) (-4096 3072 640 ) (-4096 3072 384 ) 
4 188 199 (-4096 2048 640 ) (-4096 2048 384 ) (-3072 2048 384 ) (-3072 2048 640 ) 
4 188 189 (-3072 2048 384 ) (-4096 2048 384 ) (-4096 3072 384 ) (-3072 3072 384 ) 
4 189 275 (-4096 2048 320 ) (-4096 2048 384 ) (-4096 3072 384 ) (-4096 3072 320 ) 
4 189 200 (-4096 2048 384 ) (-4096 2048 320 ) (-3072 2048 320 ) (-3072 2048 384 ) 
4 190 230 (-2048 1024 896 ) (-2048 1024 2560 ) (-3072 1024 2560 ) (-3072 1024 896 ) 
4 190 197 (-3072 2048 2560 ) (-3072 2048 896 ) (-3072 1024 896 ) (-3072 1024 2560 ) 
4 190 191 (-2048 1024 896 ) (-3072 1024 896 ) (-3072 2048 896 ) (-2048 2048 896 ) 
4 191 231 (-2048 1024 640 ) (-2048 1024 896 ) (-3072 1024 896 ) (-3072 1024 640 ) 
4 191 198 (-3072 2048 896 ) (-3072 2048 640 ) (-3072 1024 640 ) (-3072 1024 896 ) 
4 191 195 (-3072 2048 640 ) (-3040 2048 640 ) (-3040 1024 640 ) (-3072 1024 640 ) 
4 191 192 (-2976 2048 640 ) (-2048 2048 640 ) (-2048 1024 640 ) (-2976 1024 640 ) 
4 192 232 (-2048 1024 384 ) (-2048 1024 640 ) (-2976 1024 640 ) (-2976 1024 384 ) 
4 192 193 (-2976 1024 384 ) (-2976 2048 384 ) (-2048 2048 384 ) (-2048 1024 384 ) 
4 193 233 (-2048 1024 256 ) (-2048 1024 384 ) (-2976 1024 384 ) (-2976 1024 256 ) 
4 193 194 (-2048 1024 256 ) (-2080 1024 256 ) (-2080 2048 256 ) (-2048 2048 256 ) 
4 194 234 (-2048 1024 96 ) (-2048 1024 256 ) (-2080 1024 256 ) (-2080 1024 96 ) 
4 195 236 (-3040 1024 384 ) (-3040 1024 640 ) (-3072 1024 640 ) (-3072 1024 384 ) 
4 195 199 (-3072 2048 640 ) (-3072 2048 384 ) (-3072 1024 384 ) (-3072 1024 640 ) 
4 195 196 (-3072 2048 384 ) (-3040 2048 384 ) (-3040 1024 384 ) (-3072 1024 384 ) 
4 196 237 (-3040 1024 320 ) (-3040 1024 384 ) (-3072 1024 384 ) (-3072 1024 320 ) 
4 196 200 (-3072 2048 384 ) (-3072 2048 320 ) (-3072 1024 320 ) (-3072 1024 384 ) 
4 197 280 (-4096 1024 896 ) (-4096 1024 2560 ) (-4096 2048 2560 ) (-4096 2048 896 ) 
4 197 238 (-3072 1024 896 ) (-3072 1024 2560 ) (-4096 1024 2560 ) (-4096 1024 896 ) 
4 197 198 (-3072 1024 896 ) (-4096 1024 896 ) (-4096 2048 896 ) (-3072 2048 896 ) 
4 198 281 (-4096 1024 640 ) (-4096 1024 896 ) (-4096 2048 896 ) (-4096 2048 640 ) 
4 198 239 (-3072 1024 640 ) (-3072 1024 896 ) (-4096 1024 896 ) (-4096 1024 640 ) 
4 198 199 (-4096 1024 640 ) (-4096 2048 640 ) (-3072 2048 640 ) (-3072 1024 640 ) 
4 199 282 (-4096 1024 384 ) (-4096 1024 640 ) (-4096 2048 640 ) (-4096 2048 384 ) 
4 199 240 (-3072 1024 384 ) (-3072 1024 640 ) (-4096 1024 640 ) (-4096 1024 384 ) 
4 199 200 (-3072 1024 384 ) (-4096 1024 384 ) (-4096 2048 384 ) (-3072 2048 384 ) 
4 200 283 (-4096 1024 320 ) (-4096 1024 384 ) (-4096 2048 384 ) (-4096 2048 320 ) 
4 200 241 (-3072 1024 320 ) (-3072 1024 384 ) (-4096 1024 384 ) (-4096 1024 320 ) 
4 201 218 (0 0 896 ) (0 0 2560 ) (-1024 0 2560 ) (-1024 0 896 ) 
4 201 211 (-1024 0 896 ) (-1024 0 2560 ) (-1024 1024 2560 ) (-1024 1024 896 ) 
4 201 202 (0 0 896 ) (-1024 0 896 ) (-1024 1024 896 ) (0 1024 896 ) 
4 202 219 (0 0 640 ) (0 0 896 ) (-1024 0 896 ) (-1024 0 640 ) 
4 202 212 (-1024 0 640 ) (-1024 0 896 ) (-1024 1024 896 ) (-1024 1024 640 ) 
4 202 203 (-1024 0 640 ) (-1024 1024 640 ) (0 1024 640 ) (0 0 640 ) 
4 203 220 (0 0 384 ) (0 0 640 ) (-1024 0 640 ) (-1024 0 384 ) 
4 203 213 (-1024 0 384 ) (-1024 0 640 ) (-1024 1024 640 ) (-1024 1024 384 ) 
4 203 204 (0 0 384 ) (-1024 0 384 ) (-1024 1024 384 ) (0 1024 384 ) 
4 204 221 (0 0 256 ) (0 0 384 ) (-1024 0 384 ) (-1024 0 256 ) 
4 204 214 (-1024 0 256 ) (-1024 0 384 ) (-1024 1024 384 ) (-1024 1024 256 ) 
4 204 205 (-1024 0 256 ) (-1024 1024 256 ) (0 1024 256 ) (0 0 256 ) 
4 205 222 (0 0 48 ) (0 0 256 ) (-1024 0 256 ) (-1024 0 48 ) 
4 205 215 (-1024 0 48 ) (-1024 0 256 ) (-1024 1024 256 ) (-1024 1024 48 ) 
4 205 207 (-928 1008 48 ) (-928 1024 48 ) (-464 1024 48 ) (-464 1008 48 ) 
4 205 209 (-464 0 48 ) (-928 0 48 ) (-928 1008 48 ) (-464 1008 48 ) 
4 205 206 (0 0 48 ) (-464 0 48 ) (-464 1024 48 ) (0 1024 48 ) 
4 205 210 (-928 0 48 ) (-1024 0 48 ) (-1024 1024 48 ) (-928 1024 48 ) 
4 206 222 (0 0 0 ) (0 0 48 ) (-464 0 48 ) (-464 0 0 ) 
4 206 208 (-464 1024 0 ) (-464 1008 0 ) (-464 1008 36 ) (-464 1024 36 ) 
4 206 207 (-464 1008 36 ) (-464 1008 48 ) (-464 1024 48 ) (-464 1024 36 ) 
4 206 209 (-464 1008 0 ) (-464 0 0 ) (-464 0 48 ) (-464 1008 48 ) 
4 207 209 (-928 1008 48 ) (-928 1008 36 ) (-464 1008 36 ) (-464 1008 48 ) 
4 207 210 (-928 1008 36 ) (-928 1008 48 ) (-928 1024 48 ) (-928 1024 36 ) 
4 207 208 (-464 1008 36 ) (-928 1008 36 ) (-928 1024 36 ) (-464 1024 36 ) 
4 208 209 (-928 1008 36 ) (-928 1008 0 ) (-464 1008 0 ) (-464 1008 36 ) 
4 208 210 (-928 1024 0 ) (-928 1008 0 ) (-928 1008 36 ) (-928 1024 36 ) 
4 209 222 (-464 0 48 ) (-928 0 48 ) (-928 0 0 ) (-464 0 0 ) 
4 209 210 (-928 1008 0 ) (-928 0 0 ) (-928 0 48 ) (-928 1008 48 ) 
4 210 222 (-928 0 48 ) (-1024 0 48 ) (-1024 0 0 ) (-928 0 0 ) 
4 210 215 (-1024 0 0 ) (-1024 0 48 ) (-1024 1024 48 ) (-1024 1024 0 ) 
4 211 230 (-2048 0 896 ) (-2048 0 2560 ) (-2048 1024 2560 ) (-2048 1024 896 ) 
4 211 223 (-1024 0 896 ) (-1024 0 2560 ) (-2048 0 2560 ) (-2048 0 896 ) 
4 211 212 (-1024 0 896 ) (-2048 0 896 ) (-2048 1024 896 ) (-1024 1024 896 ) 
4 212 231 (-2048 0 640 ) (-2048 0 896 ) (-2048 1024 896 ) (-2048 1024 640 ) 
4 212 224 (-1024 0 640 ) (-1024 0 896 ) (-2048 0 896 ) (-2048 0 640 ) 
4 212 213 (-2048 1024 640 ) (-1024 1024 640 ) (-1024 0 640 ) (-2048 0 640 ) 
4 213 232 (-2048 0 384 ) (-2048 0 640 ) (-2048 1024 640 ) (-2048 1024 384 ) 
4 213 225 (-1024 0 384 ) (-1024 0 640 ) (-2048 0 640 ) (-2048 0 384 ) 
4 213 216 (-2048 1024 384 ) (-1056 1024 384 ) (-1056 0 384 ) (-2048 0 384 ) 
4 213 214 (-1056 1024 384 ) (-1024 1024 384 ) (-1024 0 384 ) (-1056 0 384 ) 
4 214 226 (-1024 0 256 ) (-1024 0 384 ) (-1056 0 384 ) (-1056 0 256 ) 
4 214 216 (-1056 0 256 ) (-1056 0 384 ) (-1056 1024 384 ) (-1056 1024 256 ) 
4 214 215 (-1056 0 256 ) (-1056 1024 256 ) (-1024 1024 256 ) (-1024 0 256 ) 
4 215 227 (-1024 0 0 ) (-1024 0 256 ) (-1056 0 256 ) (-1056 0 0 ) 
4 215 217 (-1056 0 96 ) (-1056 0 256 ) (-1056 1024 256 ) (-1056 1024 96 ) 
4 216 233 (-2048 0 256 ) (-2048 0 384 ) (-2048 1024 384 ) (-2048 1024 256 ) 
4 216 228 (-1056 0 256 ) (-1056 0 384 ) (-2048 0 384 ) (-2048 0 256 ) 
4 216 217 (-2048 1024 256 ) (-1056 1024 256 ) (-1056 0 256 ) (-2048 0 256 ) 
4 217 234 (-2048 0 96 ) (-2048 0 256 ) (-2048 1024 256 ) (-2048 1024 96 ) 
4 217 229 (-1056 0 96 ) (-1056 0 256 ) (-2048 0 256 ) (-2048 0 96 ) 
4 218 254 (0 -1024 896 ) (0 -1024 2560 ) (-1024 -1024 2560 ) (-1024 -1024 896 ) 
4 218 223 (-1024 0 2560 ) (-1024 0 896 ) (-1024 -1024 896 ) (-1024 -1024 2560 ) 
4 218 219 (0 -1024 896 ) (-1024 -1024 896 ) (-1024 0 896 ) (0 0 896 ) 
4 219 255 (0 -1024 640 ) (0 -1024 896 ) (-1024 -1024 896 ) (-1024 -1024 640 ) 
4 219 224 (-1024 0 896 ) (-1024 0 640 ) (-1024 -1024 640 ) (-1024 -1024 896 ) 
4 219 220 (-1024 -1024 640 ) (-1024 0 640 ) (0 0 640 ) (0 -1024 640 ) 
4 220 256 (0 -1024 384 ) (0 -1024 640 ) (-1024 -1024 640 ) (-1024 -1024 384 ) 
4 220 225 (-1024 0 640 ) (-1024 0 384 ) (-1024 -1024 384 ) (-1024 -1024 640 ) 
4 220 221 (0 -1024 384 ) (-1024 -1024 384 ) (-1024 0 384 ) (0 0 384 ) 
4 221 257 (0 -1024 256 ) (0 -1024 384 ) (-1024 -1024 384 ) (-1024 -1024 256 ) 
4 221 226 (-1024 0 384 ) (-1024 0 256 ) (-1024 -1024 256 ) (-1024 -1024 384 ) 
4 221 222 (0 -1024 256 ) (-1024 -1024 256 ) (-1024 0 256 ) (0 0 256 ) 
4 222 227 (-1024 0 256 ) (-1024 0 0 ) (-1024 -1024 0 ) (-1024 -1024 256 ) 
4 223 258 (-1024 -1024 896 ) (-1024 -1024 2560 ) (-2048 -1024 2560 ) (-2048 -1024 896 ) 
4 223 242 (-2048 -1024 896 ) (-2048 -1024 2560 ) (-2048 0 2560 ) (-2048 0 896 ) 
4 223 224 (-1024 -1024 896 ) (-2048 -1024 896 ) (-2048 0 896 ) (-1024 0 896 ) 
4 224 259 (-1024 -1024 640 ) (-1024 -1024 896 ) (-2048 -1024 896 ) (-2048 -1024 640 ) 
4 224 243 (-2048 -1024 640 ) (-2048 -1024 896 ) (-2048 0 896 ) (-2048 0 640 ) 
4 224 225 (-1024 0 640 ) (-1024 -1024 640 ) (-2048 -1024 640 ) (-2048 0 640 ) 
4 225 260 (-1024 -1024 384 ) (-1024 -1024 640 ) (-2048 -1024 640 ) (-2048 -1024 384 ) 
4 225 244 (-2048 -1024 384 ) (-2048 -1024 640 ) (-2048 0 640 ) (-2048 0 384 ) 
4 225 228 (-1056 -1024 384 ) (-2048 -1024 384 ) (-2048 0 384 ) (-1056 0 384 ) 
4 225 226 (-1024 0 384 ) (-1024 -1024 384 ) (-1056 -1024 384 ) (-1056 0 384 ) 
4 226 261 (-1024 -1024 256 ) (-1024 -1024 384 ) (-1056 -1024 384 ) (-1056 -1024 256 ) 
4 226 228 (-1056 -1024 384 ) (-1056 0 384 ) (-1056 0 256 ) (-1056 -1024 256 ) 
4 226 227 (-1056 -1024 256 ) (-1056 0 256 ) (-1024 0 256 ) (-1024 -1024 256 ) 
4 227 229 (-1056 0 256 ) (-1056 0 96 ) (-1056 -1024 96 ) (-1056 -1024 256 ) 
4 228 261 (-1056 -1024 256 ) (-1056 -1024 384 ) (-2048 -1024 384 ) (-2048 -1024 256 ) 
4 228 245 (-2048 -1024 256 ) (-2048 -1024 384 ) (-2048 0 384 ) (-2048 0 256 ) 
4 228 229 (-1056 0 256 ) (-1056 -1024 256 ) (-2048 -1024 256 ) (-2048 0 256 ) 
4 229 246 (-2048 -1024 96 ) (-2048 -1024 256 ) (-2048 0 256 ) (-2048 0 96 ) 
4 230 242 (-2048 0 896 ) (-2048 0 2560 ) (-3072 0 2560 ) (-3072 0 896 ) 
4 230 238 (-3072 0 896 ) (-3072 0 2560 ) (-3072 1024 2560 ) (-3072 1024 896 ) 
4 230 231 (-3072 0 896 ) (-3072 1024 896 ) (-2048 1024 896 ) (-2048 0 896 ) 
4 231 243 (-2048 0 640 ) (-2048 0 896 ) (-3072 0 896 ) (-3072 0 640 ) 
4 231 239 (-3072 0 640 ) (-3072 0 896 ) (-3072 1024 896 ) (-3072 1024 640 ) 
4 231 236 (-3040 0 640 ) (-3072 0 640 ) (-3072 1024 640 ) (-3040 1024 640 ) 
4 231 235 (-2976 0 640 ) (-3040 0 640 ) (-3040 576 640 ) (-2976 576 640 ) 
4 231 232 (-2048 0 640 ) (-2976 0 640 ) (-2976 1024 640 ) (-2048 1024 640 ) 
4 232 244 (-2048 0 384 ) (-2048 0 640 ) (-2976 0 640 ) (-2976 0 384 ) 
4 232 235 (-2976 0 384 ) (-2976 0 640 ) (-2976 576 640 ) (-2976 576 384 ) 
4 232 233 (-2048 0 384 ) (-2976 0 384 ) (-2976 1024 384 ) (-2048 1024 384 ) 
4 233 245 (-2048 0 256 ) (-2048 0 384 ) (-2976 0 384 ) (-2976 0 256 ) 
4 233 234 (-2080 1024 256 ) (-2048 1024 256 ) (-2048 0 256 ) (-2080 0 256 ) 
4 234 246 (-2048 0 96 ) (-2048 0 256 ) (-2080 0 256 ) (-2080 0 96 ) 
4 235 247 (-2976 0 384 ) (-2976 0 640 ) (-3040 0 640 ) (-3040 0 384 ) 
4 235 236 (-3040 0 384 ) (-3040 0 640 ) (-3040 576 640 ) (-3040 576 384 ) 
4 236 248 (-3040 0 384 ) (-3040 0 640 ) (-3072 0 640 ) (-3072 0 384 ) 
4 236 240 (-3072 0 384 ) (-3072 0 640 ) (-3072 1024 640 ) (-3072 1024 384 ) 
4 236 237 (-3072 0 384 ) (-3072 1024 384 ) (-3040 1024 384 ) (-3040 0 384 ) 
4 237 249 (-3040 0 320 ) (-3040 0 384 ) (-3072 0 384 ) (-3072 0 320 ) 
4 237 241 (-3072 0 320 ) (-3072 0 384 ) (-3072 1024 384 ) (-3072 1024 320 ) 
4 238 301 (-4096 0 896 ) (-4096 0 2560 ) (-4096 1024 2560 ) (-4096 1024 896 ) 
4 238 250 (-4096 0 2560 ) (-4096 0 896 ) (-3072 0 896 ) (-3072 0 2560 ) 
4 238 239 (-3072 0 896 ) (-4096 0 896 ) (-4096 1024 896 ) (-3072 1024 896 ) 
4 239 302 (-4096 0 640 ) (-4096 0 896 ) (-4096 1024 896 ) (-4096 1024 640 ) 
4 239 251 (-4096 0 896 ) (-4096 0 640 ) (-3072 0 640 ) (-3072 0 896 ) 
4 239 240 (-4096 1024 640 ) (-3072 1024 640 ) (-3072 0 640 ) (-4096 0 640 ) 
4 240 303 (-4096 0 384 ) (-4096 0 640 ) (-4096 1024 640 ) (-4096 1024 384 ) 
4 240 252 (-4096 0 640 ) (-4096 0 384 ) (-3072 0 384 ) (-3072 0 640 ) 
4 240 241 (-3072 0 384 ) (-4096 0 384 ) (-4096 1024 384 ) (-3072 1024 384 ) 
4 241 304 (-4096 0 320 ) (-4096 0 384 ) (-4096 1024 384 ) (-4096 1024 320 ) 
4 241 253 (-4096 0 384 ) (-4096 0 320 ) (-3072 0 320 ) (-3072 0 384 ) 
4 242 262 (-2048 -1024 896 ) (-2048 -1024 2560 ) (-3072 -1024 2560 ) (-3072 -1024 896 ) 
4 242 250 (-3072 0 2560 ) (-3072 0 896 ) (-3072 -1024 896 ) (-3072 -1024 2560 ) 
4 242 243 (-2048 -1024 896 ) (-3072 -1024 896 ) (-3072 0 896 ) (-2048 0 896 ) 
4 243 263 (-2048 -1024 640 ) (-2048 -1024 896 ) (-3072 -1024 896 ) (-3072 -1024 640 ) 
4 243 251 (-3072 0 896 ) (-3072 0 640 ) (-3072 -1024 640 ) (-3072 -1024 896 ) 
4 243 248 (-3072 0 640 ) (-3040 0 640 ) (-3040 -512 640 ) (-3072 -512 640 ) 
4 243 247 (-3040 0 640 ) (-2976 0 640 ) (-2976 -128 640 ) (-3040 -128 640 ) 
4 243 244 (-2976 0 640 ) (-2048 0 640 ) (-2048 -1024 640 ) (-2976 -1024 640 ) 
4 244 264 (-2048 -1024 384 ) (-2048 -1024 640 ) (-2976 -1024 640 ) (-2976 -1024 384 ) 
4 244 247 (-2976 -128 640 ) (-2976 0 640 ) (-2976 0 384 ) (-2976 -128 384 ) 
4 244 245 (-2976 -1024 384 ) (-2976 0 384 ) (-2048 0 384 ) (-2048 -1024 384 ) 
4 245 265 (-2048 -1024 256 ) (-2048 -1024 384 ) (-2976 -1024 384 ) (-2976 -1024 256 ) 
4 245 246 (-2048 -1024 256 ) (-2080 -1024 256 ) (-2080 0 256 ) (-2048 0 256 ) 
4 247 248 (-3040 -128 640 ) (-3040 0 640 ) (-3040 0 384 ) (-3040 -128 384 ) 
4 248 252 (-3072 0 640 ) (-3072 0 384 ) (-3072 -512 384 ) (-3072 -512 640 ) 
4 248 249 (-3040 -512 384 ) (-3072 -512 384 ) (-3072 0 384 ) (-3040 0 384 ) 
4 249 253 (-3072 0 384 ) (-3072 0 320 ) (-3072 -512 320 ) (-3072 -512 384 ) 
4 250 309 (-4096 -1024 896 ) (-4096 -1024 2560 ) (-4096 0 2560 ) (-4096 0 896 ) 
4 250 266 (-4096 -1024 2560 ) (-4096 -1024 896 ) (-3072 -1024 896 ) (-3072 -1024 2560 ) 
4 250 251 (-3072 0 896 ) (-3072 -1024 896 ) (-4096 -1024 896 ) (-4096 0 896 ) 
4 251 310 (-4096 -1024 640 ) (-4096 -1024 896 ) (-4096 0 896 ) (-4096 0 640 ) 
4 251 267 (-4096 -1024 896 ) (-4096 -1024 640 ) (-3072 -1024 640 ) (-3072 -1024 896 ) 
4 251 252 (-3072 0 640 ) (-3072 -512 640 ) (-4096 -512 640 ) (-4096 0 640 ) 
4 252 311 (-4096 -512 384 ) (-4096 -512 640 ) (-4096 0 640 ) (-4096 0 384 ) 
4 252 253 (-3072 -512 384 ) (-4096 -512 384 ) (-4096 0 384 ) (-3072 0 384 ) 
4 253 312 (-4096 -512 320 ) (-4096 -512 384 ) (-4096 0 384 ) (-4096 0 320 ) 
4 254 258 (-1024 -1024 2560 ) (-1024 -1024 896 ) (-1024 -1536 896 ) (-1024 -1536 2560 ) 
4 254 255 (0 -1536 896 ) (-1024 -1536 896 ) (-1024 -1024 896 ) (0 -1024 896 ) 
4 255 259 (-1024 -1024 896 ) (-1024 -1024 640 ) (-1024 -1536 640 ) (-1024 -1536 896 ) 
4 255 256 (0 -1536 640 ) (-1024 -1536 640 ) (-1024 -1024 640 ) (0 -1024 640 ) 
4 256 260 (-1024 -1024 640 ) (-1024 -1024 384 ) (-1024 -1536 384 ) (-1024 -1536 640 ) 
4 256 257 (0 -1536 384 ) (-1024 -1536 384 ) (-1024 -1024 384 ) (0 -1024 384 ) 
4 257 261 (-1024 -1024 384 ) (-1024 -1024 256 ) (-1024 -1536 256 ) (-1024 -1536 384 ) 
4 258 262 (-2048 -1024 2560 ) (-2048 -1024 896 ) (-2048 -1536 896 ) (-2048 -1536 2560 ) 
4 258 259 (-1024 -1536 896 ) (-2048 -1536 896 ) (-2048 -1024 896 ) (-1024 -1024 896 ) 
4 259 263 (-2048 -1024 896 ) (-2048 -1024 640 ) (-2048 -1536 640 ) (-2048 -1536 896 ) 
4 259 260 (-1024 -1536 640 ) (-2048 -1536 640 ) (-2048 -1024 640 ) (-1024 -1024 640 ) 
4 260 264 (-2048 -1024 640 ) (-2048 -1024 384 ) (-2048 -1536 384 ) (-2048 -1536 640 ) 
4 260 261 (-1024 -1536 384 ) (-2048 -1536 384 ) (-2048 -1024 384 ) (-1024 -1024 384 ) 
4 261 265 (-2048 -1024 384 ) (-2048 -1024 256 ) (-2048 -1536 256 ) (-2048 -1536 384 ) 
4 262 266 (-3072 -1024 2560 ) (-3072 -1024 896 ) (-3072 -1536 896 ) (-3072 -1536 2560 ) 
4 262 263 (-2048 -1536 896 ) (-3072 -1536 896 ) (-3072 -1024 896 ) (-2048 -1024 896 ) 
4 263 267 (-3072 -1024 896 ) (-3072 -1024 640 ) (-3072 -1536 640 ) (-3072 -1536 896 ) 
4 263 264 (-2048 -1536 640 ) (-2976 -1536 640 ) (-2976 -1024 640 ) (-2048 -1024 640 ) 
4 264 265 (-2048 -1536 384 ) (-2976 -1536 384 ) (-2976 -1024 384 ) (-2048 -1024 384 ) 
4 266 317 (-4096 -1536 896 ) (-4096 -1536 2560 ) (-4096 -1024 2560 ) (-4096 -1024 896 ) 
4 266 267 (-3072 -1536 896 ) (-4096 -1536 896 ) (-4096 -1024 896 ) (-3072 -1024 896 ) 
4 267 318 (-4096 -1536 640 ) (-4096 -1536 896 ) (-4096 -1024 896 ) (-4096 -1024 640 ) 
4 268 272 (-4096 3072 896 ) (-4096 3072 2560 ) (-5120 3072 2560 ) (-5120 3072 896 ) 
4 268 270 (-5120 3072 896 ) (-5120 3072 2560 ) (-5120 3584 2560 ) (-5120 3584 896 ) 
4 268 269 (-5120 3584 896 ) (-4096 3584 896 ) (-4096 3072 896 ) (-5120 3072 896 ) 
4 269 273 (-4096 3072 640 ) (-4096 3072 896 ) (-5120 3072 896 ) (-5120 3072 640 ) 
4 269 271 (-5120 3072 640 ) (-5120 3072 896 ) (-5120 3584 896 ) (-5120 3584 640 ) 
4 270 288 (-6144 3072 896 ) (-6144 3072 2560 ) (-6144 3584 2560 ) (-6144 3584 896 ) 
4 270 276 (-5120 3072 896 ) (-5120 3072 2560 ) (-6144 3072 2560 ) (-6144 3072 896 ) 
4 270 271 (-6144 3072 896 ) (-6144 3584 896 ) (-5120 3584 896 ) (-5120 3072 896 ) 
4 271 289 (-6144 3072 640 ) (-6144 3072 896 ) (-6144 3584 896 ) (-6144 3584 640 ) 
4 271 277 (-5120 3072 640 ) (-5120 3072 896 ) (-6144 3072 896 ) (-6144 3072 640 ) 
4 272 280 (-4096 2048 896 ) (-4096 2048 2560 ) (-5120 2048 2560 ) (-5120 2048 896 ) 
4 272 276 (-5120 2048 896 ) (-5120 2048 2560 ) (-5120 3072 2560 ) (-5120 3072 896 ) 
4 272 273 (-5120 2048 896 ) (-5120 3072 896 ) (-4096 3072 896 ) (-4096 2048 896 ) 
4 273 281 (-4096 2048 640 ) (-4096 2048 896 ) (-5120 2048 896 ) (-5120 2048 640 ) 
4 273 277 (-5120 2048 640 ) (-5120 2048 896 ) (-5120 3072 896 ) (-5120 3072 640 ) 
4 273 274 (-4096 2048 640 ) (-5120 2048 640 ) (-5120 3072 640 ) (-4096 3072 640 ) 
4 274 282 (-4096 2048 384 ) (-4096 2048 640 ) (-5120 2048 640 ) (-5120 2048 384 ) 
4 274 278 (-5120 2048 384 ) (-5120 2048 640 ) (-5120 3072 640 ) (-5120 3072 384 ) 
4 274 275 (-5120 2048 384 ) (-5120 3072 384 ) (-4096 3072 384 ) (-4096 2048 384 ) 
4 275 283 (-4096 2048 320 ) (-4096 2048 384 ) (-5120 2048 384 ) (-5120 2048 320 ) 
4 275 279 (-5120 2048 320 ) (-5120 2048 384 ) (-5120 3072 384 ) (-5120 3072 320 ) 
4 276 290 (-6144 2048 896 ) (-6144 2048 2560 ) (-6144 3072 2560 ) (-6144 3072 896 ) 
4 276 284 (-6144 2048 2560 ) (-6144 2048 896 ) (-5120 2048 896 ) (-5120 2048 2560 ) 
4 276 277 (-5120 2048 896 ) (-6144 2048 896 ) (-6144 3072 896 ) (-5120 3072 896 ) 
4 277 291 (-6144 2048 640 ) (-6144 2048 896 ) (-6144 3072 896 ) (-6144 3072 640 ) 
4 277 285 (-6144 2048 896 ) (-6144 2048 640 ) (-5120 2048 640 ) (-5120 2048 896 ) 
4 277 278 (-6144 3072 640 ) (-5120 3072 640 ) (-5120 2048 640 ) (-6144 2048 640 ) 
4 278 292 (-6144 2048 384 ) (-6144 2048 640 ) (-6144 3072 640 ) (-6144 3072 384 ) 
4 278 286 (-6144 2048 640 ) (-6144 2048 384 ) (-5120 2048 384 ) (-5120 2048 640 ) 
4 278 279 (-5120 2048 384 ) (-6144 2048 384 ) (-6144 3072 384 ) (-5120 3072 384 ) 
4 279 287 (-6144 2048 384 ) (-6144 2048 320 ) (-5120 2048 320 ) (-5120 2048 384 ) 
4 280 301 (-4096 1024 896 ) (-4096 1024 2560 ) (-5120 1024 2560 ) (-5120 1024 896 ) 
4 280 284 (-5120 2048 2560 ) (-5120 2048 896 ) (-5120 1024 896 ) (-5120 1024 2560 ) 
4 280 281 (-4096 1024 896 ) (-5120 1024 896 ) (-5120 2048 896 ) (-4096 2048 896 ) 
4 281 302 (-4096 1024 640 ) (-4096 1024 896 ) (-5120 1024 896 ) (-5120 1024 640 ) 
4 281 285 (-5120 2048 896 ) (-5120 2048 640 ) (-5120 1024 640 ) (-5120 1024 896 ) 
4 281 282 (-5120 2048 640 ) (-4096 2048 640 ) (-4096 1024 640 ) (-5120 1024 640 ) 
4 282 303 (-4096 1024 384 ) (-4096 1024 640 ) (-5120 1024 640 ) (-5120 1024 384 ) 
4 282 286 (-5120 2048 640 ) (-5120 2048 384 ) (-5120 1024 384 ) (-5120 1024 640 ) 
4 282 283 (-4096 1024 384 ) (-5120 1024 384 ) (-5120 2048 384 ) (-4096 2048 384 ) 
4 283 304 (-4096 1024 320 ) (-4096 1024 384 ) (-5120 1024 384 ) (-5120 1024 320 ) 
4 283 287 (-5120 2048 384 ) (-5120 2048 320 ) (-5120 1024 320 ) (-5120 1024 384 ) 
4 284 305 (-5120 1024 896 ) (-5120 1024 2560 ) (-6144 1024 2560 ) (-6144 1024 896 ) 
4 284 293 (-6144 1024 896 ) (-6144 1024 2560 ) (-6144 2048 2560 ) (-6144 2048 896 ) 
4 284 285 (-5120 1024 896 ) (-6144 1024 896 ) (-6144 2048 896 ) (-5120 2048 896 ) 
4 285 306 (-5120 1024 640 ) (-5120 1024 896 ) (-6144 1024 896 ) (-6144 1024 640 ) 
4 285 294 (-6144 1024 640 ) (-6144 1024 896 ) (-6144 2048 896 ) (-6144 2048 640 ) 
4 285 286 (-6144 1024 640 ) (-6144 2048 640 ) (-5120 2048 640 ) (-5120 1024 640 ) 
4 286 307 (-5120 1024 384 ) (-5120 1024 640 ) (-6144 1024 640 ) (-6144 1024 384 ) 
4 286 296 (-6144 1024 474.486023 ) (-6144 1024 486.486023 ) (-6144 2048 486.486023 ) (-6144 2048 474.486023 ) 
4 286 300 (-6144 1024 384 ) (-6144 1024 474.486023 ) (-6144 2048 474.486023 ) (-6144 2048 384 ) 
4 286 295 (-6144 1024 486.486023 ) (-6144 1024 640 ) (-6144 2048 640 ) (-6144 2048 486.486023 ) 
4 286 287 (-5120 1024 384 ) (-6144 1024 384 ) (-6144 2048 384 ) (-5120 2048 384 ) 
4 287 308 (-5120 1024 320 ) (-5120 1024 384 ) (-6144 1024 384 ) (-6144 1024 320 ) 
4 288 290 (-6144 3072 896 ) (-6144 3072 2560 ) (-7168 3072 2560 ) (-7168 3072 896 ) 
4 288 289 (-7168 3072 896 ) (-7168 3584 896 ) (-6144 3584 896 ) (-6144 3072 896 ) 
4 289 291 (-6144 3072 640 ) (-6144 3072 896 ) (-7168 3072 896 ) (-7168 3072 640 ) 
4 290 293 (-6144 2048 896 ) (-6144 2048 2560 ) (-7168 2048 2560 ) (-7168 2048 896 ) 
4 290 291 (-6144 2048 896 ) (-7168 2048 896 ) (-7168 3072 896 ) (-6144 3072 896 ) 
4 291 294 (-6144 2048 640 ) (-6144 2048 896 ) (-7168 2048 896 ) (-7168 2048 640 ) 
4 291 292 (-7168 2048 640 ) (-7168 3072 640 ) (-6144 3072 640 ) (-6144 2048 640 ) 
4 292 297 (-6208 2048 486.486023 ) (-6464 2048 486.486023 ) (-6464 2048 474.486023 ) (-6208 2048 474.486023 ) 
4 292 296 (-6144 2048 474.486023 ) (-6144 2048 486.486023 ) (-6208 2048 486.486023 ) (-6208 2048 474.486023 ) 
4 292 299 (-6464 2048 486.486023 ) (-7168 2048 486.486023 ) (-7168 2048 474.486023 ) (-6464 2048 474.486023 ) 
4 292 300 (-6144 2048 384 ) (-6144 2048 474.486023 ) (-7168 2048 474.486023 ) (-7168 2048 384 ) 
4 292 295 (-6144 2048 486.486023 ) (-6144 2048 640 ) (-7168 2048 640 ) (-7168 2048 486.486023 ) 
4 293 321 (-6144 1024 896 ) (-6144 1024 2560 ) (-7168 1024 2560 ) (-7168 1024 896 ) 
4 293 294 (-6144 2048 896 ) (-6144 1024 896 ) (-7168 1024 896 ) (-7168 2048 896 ) 
4 294 322 (-6144 1024 640 ) (-6144 1024 896 ) (-7168 1024 896 ) (-7168 1024 640 ) 
4 294 295 (-6144 1024 640 ) (-7168 1024 640 ) (-7168 2048 640 ) (-6144 2048 640 ) 
4 295 323 (-6144 1024 486.486023 ) (-6144 1024 640 ) (-7168 1024 640 ) (-7168 1024 486.486023 ) 
4 295 298 (-6208 1024 486.486023 ) (-6464 1024 486.486023 ) (-6464 1216 486.486023 ) (-6208 1216 486.486023 ) 
4 295 297 (-6464 1216 486.486023 ) (-6464 2048 486.486023 ) (-6208 2048 486.486023 ) (-6208 1216 486.486023 ) 
4 295 296 (-6144 1024 486.486023 ) (-6208 1024 486.486023 ) (-6208 2048 486.486023 ) (-6144 2048 486.486023 ) 
4 295 299 (-6464 1024 486.486023 ) (-7168 1024 486.486023 ) (-7168 2048 486.486023 ) (-6464 2048 486.486023 ) 
4 296 324 (-6144 1024 474.486023 ) (-6144 1024 486.486023 ) (-6208 1024 486.486023 ) (-6208 1024 474.486023 ) 
4 296 298 (-6208 1216 474.486023 ) (-6208 1024 474.486023 ) (-6208 1024 486.486023 ) (-6208 1216 486.486023 ) 
4 296 297 (-6208 2048 474.486023 ) (-6208 1216 474.486023 ) (-6208 1216 486.486023 ) (-6208 2048 486.486023 ) 
4 296 300 (-6144 1024 474.486023 ) (-6208 1024 474.486023 ) (-6208 2048 474.486023 ) (-6144 2048 474.486023 ) 
4 297 300 (-6464 1216 474.486023 ) (-6464 2048 474.486023 ) (-6208 2048 474.486023 ) (-6208 1216 474.486023 ) 
4 297 299 (-6464 2048 474.486023 ) (-6464 1216 474.486023 ) (-6464 1216 486.486023 ) (-6464 2048 486.486023 ) 
4 297 298 (-6464 1216 486.486023 ) (-6464 1216 474.486023 ) (-6208 1216 474.486023 ) (-6208 1216 486.486023 ) 
4 298 325 (-6208 1024 486.486023 ) (-6464 1024 486.486023 ) (-6464 1024 474.486023 ) (-6208 1024 474.486023 ) 
4 298 300 (-6208 1024 474.486023 ) (-6464 1024 474.486023 ) (-6464 1216 474.486023 ) (-6208 1216 474.486023 ) 
4 298 299 (-6464 1216 474.486023 ) (-6464 1024 474.486023 ) (-6464 1024 486.486023 ) (-6464 1216 486.486023 ) 
4 299 327 (-6464 1024 486.486023 ) (-7168 1024 486.486023 ) (-7168 1024 474.486023 ) (-6464 1024 474.486023 ) 
4 299 300 (-6464 1024 474.486023 ) (-7168 1024 474.486023 ) (-7168 2048 474.486023 ) (-6464 2048 474.486023 ) 
4 300 328 (-6144 1024 384 ) (-6144 1024 474.486023 ) (-7168 1024 474.486023 ) (-7168 1024 384 ) 
4 301 309 (-4096 0 896 ) (-4096 0 2560 ) (-5120 0 2560 ) (-5120 0 896 ) 
4 301 305 (-5120 0 896 ) (-5120 0 2560 ) (-5120 1024 2560 ) (-5120 1024 896 ) 
4 301 302 (-5120 0 896 ) (-5120 1024 896 ) (-4096 1024 896 ) (-4096 0 896 ) 
4 302 310 (-4096 0 640 ) (-4096 0 896 ) (-5120 0 896 ) (-5120 0 640 ) 
4 302 306 (-5120 0 640 ) (-5120 0 896 ) (-5120 1024 896 ) (-5120 1024 640 ) 
4 302 303 (-4096 0 640 ) (-5120 0 640 ) (-5120 1024 640 ) (-4096 1024 640 ) 
4 303 311 (-4096 0 384 ) (-4096 0 640 ) (-5120 0 640 ) (-5120 0 384 ) 
4 303 307 (-5120 0 384 ) (-5120 0 640 ) (-5120 1024 640 ) (-5120 1024 384 ) 
4 303 304 (-4096 0 384 ) (-5120 0 384 ) (-5120 1024 384 ) (-4096 1024 384 ) 
4 304 312 (-4096 0 320 ) (-4096 0 384 ) (-5120 0 384 ) (-5120 0 320 ) 
4 304 308 (-5120 0 320 ) (-5120 0 384 ) (-5120 1024 384 ) (-5120 1024 320 ) 
4 305 321 (-6144 1024 2560 ) (-6144 1024 896 ) (-6144 0 896 ) (-6144 0 2560 ) 
4 305 313 (-6144 0 2560 ) (-6144 0 896 ) (-5120 0 896 ) (-5120 0 2560 ) 
4 305 306 (-5120 0 896 ) (-6144 0 896 ) (-6144 1024 896 ) (-5120 1024 896 ) 
4 306 322 (-6144 1024 896 ) (-6144 1024 640 ) (-6144 0 640 ) (-6144 0 896 ) 
4 306 314 (-6144 0 896 ) (-6144 0 640 ) (-5120 0 640 ) (-5120 0 896 ) 
4 306 307 (-5120 1024 640 ) (-5120 0 640 ) (-6144 0 640 ) (-6144 1024 640 ) 
4 307 324 (-6144 1024 486.486023 ) (-6144 1024 474.486023 ) (-6144 0 474.486023 ) (-6144 0 486.486023 ) 
4 307 328 (-6144 1024 474.486023 ) (-6144 1024 384 ) (-6144 0 384 ) (-6144 0 474.486023 ) 
4 307 323 (-6144 1024 640 ) (-6144 1024 486.486023 ) (-6144 0 486.486023 ) (-6144 0 640 ) 
4 307 315 (-6144 0 640 ) (-6144 0 384 ) (-5120 0 384 ) (-5120 0 640 ) 
4 307 308 (-5120 0 384 ) (-6144 0 384 ) (-6144 1024 384 ) (-5120 1024 384 ) 
4 308 316 (-6144 0 384 ) (-6144 0 320 ) (-5120 0 320 ) (-5120 0 384 ) 
4 309 317 (-4096 -1024 896 ) (-4096 -1024 2560 ) (-5120 -1024 2560 ) (-5120 -1024 896 ) 
4 309 313 (-5120 0 2560 ) (-5120 0 896 ) (-5120 -1024 896 ) (-5120 -1024 2560 ) 
4 309 310 (-5120 0 896 ) (-4096 0 896 ) (-4096 -1024 896 ) (-5120 -1024 896 ) 
4 310 318 (-4096 -1024 640 ) (-4096 -1024 896 ) (-5120 -1024 896 ) (-5120 -1024 640 ) 
4 310 314 (-5120 0 896 ) (-5120 0 640 ) (-5120 -1024 640 ) (-5120 -1024 896 ) 
4 310 311 (-5120 0 640 ) (-4096 0 640 ) (-4096 -512 640 ) (-5120 -512 640 ) 
4 311 315 (-5120 0 640 ) (-5120 0 384 ) (-5120 -512 384 ) (-5120 -512 640 ) 
4 311 312 (-4096 -512 384 ) (-5120 -512 384 ) (-5120 0 384 ) (-4096 0 384 ) 
4 312 316 (-5120 0 384 ) (-5120 0 320 ) (-5120 -512 320 ) (-5120 -512 384 ) 
4 313 329 (-6144 -1024 896 ) (-6144 -1024 2560 ) (-6144 0 2560 ) (-6144 0 896 ) 
4 313 319 (-5120 -1024 896 ) (-5120 -1024 2560 ) (-6144 -1024 2560 ) (-6144 -1024 896 ) 
4 313 314 (-6144 -1024 896 ) (-6144 0 896 ) (-5120 0 896 ) (-5120 -1024 896 ) 
4 314 330 (-6144 -1024 640 ) (-6144 -1024 896 ) (-6144 0 896 ) (-6144 0 640 ) 
4 314 320 (-5120 -1024 640 ) (-5120 -1024 896 ) (-6144 -1024 896 ) (-6144 -1024 640 ) 
4 314 315 (-6144 -512 640 ) (-6144 0 640 ) (-5120 0 640 ) (-5120 -512 640 ) 
4 315 331 (-6144 -512 384 ) (-6144 -512 640 ) (-6144 0 640 ) (-6144 0 384 ) 
4 315 316 (-5120 -512 384 ) (-6144 -512 384 ) (-6144 0 384 ) (-5120 0 384 ) 
4 317 319 (-5120 -1536 896 ) (-5120 -1536 2560 ) (-5120 -1024 2560 ) (-5120 -1024 896 ) 
4 317 318 (-4096 -1536 896 ) (-5120 -1536 896 ) (-5120 -1024 896 ) (-4096 -1024 896 ) 
4 318 320 (-5120 -1536 640 ) (-5120 -1536 896 ) (-5120 -1024 896 ) (-5120 -1024 640 ) 
4 319 332 (-6144 -1536 896 ) (-6144 -1536 2560 ) (-6144 -1024 2560 ) (-6144 -1024 896 ) 
4 319 320 (-5120 -1536 896 ) (-6144 -1536 896 ) (-6144 -1024 896 ) (-5120 -1024 896 ) 
4 320 333 (-6144 -1536 640 ) (-6144 -1536 896 ) (-6144 -1024 896 ) (-6144 -1024 640 ) 
4 321 329 (-6144 0 896 ) (-6144 0 2560 ) (-7168 0 2560 ) (-7168 0 896 ) 
4 321 322 (-6144 0 896 ) (-7168 0 896 ) (-7168 1024 896 ) (-6144 1024 896 ) 
4 322 330 (-6144 0 640 ) (-6144 0 896 ) (-7168 0 896 ) (-7168 0 640 ) 
4 322 323 (-7168 0 640 ) (-7168 1024 640 ) (-6144 1024 640 ) (-6144 0 640 ) 
4 323 331 (-6144 0 486.486023 ) (-6144 0 640 ) (-7168 0 640 ) (-7168 0 486.486023 ) 
4 323 326 (-6208 903.283081 486.486023 ) (-6208 0 486.486023 ) (-6464 0 486.486023 ) (-6464 903.283081 486.486023 ) 
4 323 325 (-6464 1024 486.486023 ) (-6208 1024 486.486023 ) (-6208 903.283081 486.486023 ) (-6464 903.283081 486.486023 ) 
4 323 324 (-6208 1024 486.486023 ) (-6144 1024 486.486023 ) (-6144 0 486.486023 ) (-6208 0 486.486023 ) 
4 323 327 (-7168 0 486.486023 ) (-7168 1024 486.486023 ) (-6464 1024 486.486023 ) (-6464 0 486.486023 ) 
4 324 331 (-6144 0 474.486023 ) (-6144 0 486.486023 ) (-6208 0 486.486023 ) (-6208 0 474.486023 ) 
4 324 326 (-6208 903.283081 474.486023 ) (-6208 0 474.486023 ) (-6208 0 486.486023 ) (-6208 903.283081 486.486023 ) 
4 324 325 (-6208 1024 474.486023 ) (-6208 903.283081 474.486023 ) (-6208 903.283081 486.486023 ) (-6208 1024 486.486023 ) 
4 324 328 (-6208 1024 474.486023 ) (-6144 1024 474.486023 ) (-6144 0 474.486023 ) (-6208 0 474.486023 ) 
4 325 328 (-6464 1024 474.486023 ) (-6208 1024 474.486023 ) (-6208 903.283081 474.486023 ) (-6464 903.283081 474.486023 ) 
4 325 327 (-6464 1024 474.486023 ) (-6464 903.283081 474.486023 ) (-6464 903.283081 486.486023 ) (-6464 1024 486.486023 ) 
4 325 326 (-6464 903.283081 486.486023 ) (-6464 903.283081 474.486023 ) (-6208 903.283081 474.486023 ) (-6208 903.283081 486.486023 ) 
4 326 331 (-6208 0 486.486023 ) (-6464 0 486.486023 ) (-6464 0 474.486023 ) (-6208 0 474.486023 ) 
4 326 328 (-6208 903.283081 474.486023 ) (-6208 0 474.486023 ) (-6464 0 474.486023 ) (-6464 903.283081 474.486023 ) 
4 326 327 (-6464 903.283081 474.486023 ) (-6464 0 474.486023 ) (-6464 0 486.486023 ) (-6464 903.283081 486.486023 ) 
4 327 331 (-6464 0 486.486023 ) (-7168 0 486.486023 ) (-7168 0 474.486023 ) (-6464 0 474.486023 ) 
4 327 328 (-7168 0 474.486023 ) (-7168 1024 474.486023 ) (-6464 1024 474.486023 ) (-6464 0 474.486023 ) 
4 328 331 (-6144 0 384 ) (-6144 0 474.486023 ) (-7168 0 474.486023 ) (-7168 0 384 ) 
4 329 332 (-6144 -1024 896 ) (-6144 -1024 2560 ) (-7168 -1024 2560 ) (-7168 -1024 896 ) 
4 329 330 (-6144 -1024 896 ) (-7168 -1024 896 ) (-7168 0 896 ) (-6144 0 896 ) 
4 330 333 (-6144 -1024 640 ) (-6144 -1024 896 ) (-7168 -1024 896 ) (-7168 -1024 640 ) 
4 330 331 (-7168 -512 640 ) (-7168 0 640 ) (-6144 0 640 ) (-6144 -512 640 ) 
4 332 333 (-6144 -1536 896 ) (-7168 -1536 896 ) (-7168 -1024 896 ) (-6144 -1024 896 ) 
